Using pre-set license
Built from '2021.3/staging' branch; Version is '2021.3.0f1 (6eacc8284459) revision 7253192'; Using compiler version '192829333'; Build Type 'Release'
OS: 'Windows 10  (10.0.19044) 64bit Core' Language: 'en' Physical Memory: 15776 MB
BatchMode: 1, IsHumanControllingUs: 0, StartBugReporterOnCrash: 0, Is64bit: 1, IsPro: 1

COMMAND LINE ARGUMENTS:
C:\Program Files (x86)\Unity\2021.3.0f1\Editor\Unity.exe
-adb2
-batchMode
-noUpm
-name
AssetImportWorker0
-projectPath
E:/CS484_Repo/CS.PSY484_Group4_Project/UpdatedFinalProject2
-logFile
Logs/AssetImportWorker0.log
-srvPort
55704
Successfully changed project path to: E:/CS484_Repo/CS.PSY484_Group4_Project/UpdatedFinalProject2
E:/CS484_Repo/CS.PSY484_Group4_Project/UpdatedFinalProject2
[UnityMemory] Configuration Parameters - Can be set up in boot.config
    "memorysetup-bucket-allocator-granularity=16"
    "memorysetup-bucket-allocator-bucket-count=8"
    "memorysetup-bucket-allocator-block-size=33554432"
    "memorysetup-bucket-allocator-block-count=8"
    "memorysetup-main-allocator-block-size=16777216"
    "memorysetup-thread-allocator-block-size=16777216"
    "memorysetup-gfx-main-allocator-block-size=16777216"
    "memorysetup-gfx-thread-allocator-block-size=16777216"
    "memorysetup-cache-allocator-block-size=4194304"
    "memorysetup-typetree-allocator-block-size=2097152"
    "memorysetup-profiler-bucket-allocator-granularity=16"
    "memorysetup-profiler-bucket-allocator-bucket-count=8"
    "memorysetup-profiler-bucket-allocator-block-size=33554432"
    "memorysetup-profiler-bucket-allocator-block-count=8"
    "memorysetup-profiler-allocator-block-size=16777216"
    "memorysetup-profiler-editor-allocator-block-size=1048576"
    "memorysetup-temp-allocator-size-main=16777216"
    "memorysetup-job-temp-allocator-block-size=2097152"
    "memorysetup-job-temp-allocator-block-size-background=1048576"
    "memorysetup-job-temp-allocator-reduction-small-platforms=262144"
    "memorysetup-temp-allocator-size-background-worker=32768"
    "memorysetup-temp-allocator-size-job-worker=262144"
    "memorysetup-temp-allocator-size-preload-manager=33554432"
    "memorysetup-temp-allocator-size-nav-mesh-worker=65536"
    "memorysetup-temp-allocator-size-audio-worker=65536"
    "memorysetup-temp-allocator-size-cloud-worker=32768"
    "memorysetup-temp-allocator-size-gi-baking-worker=262144"
    "memorysetup-temp-allocator-size-gfx=262144"
Refreshing native plugins compatible for Editor in 150.03 ms, found 11 plugins.
Preloading 1 native plugins for Editor in 6.37 ms.
Initialize engine version: 2021.3.0f1 (6eacc8284459)
[Subsystems] Discovering subsystems at path C:/Program Files (x86)/Unity/2021.3.0f1/Editor/Data/Resources/UnitySubsystems
[Subsystems] Discovering subsystems at path E:/CS484_Repo/CS.PSY484_Group4_Project/UpdatedFinalProject2/Assets
GfxDevice: creating device client; threaded=0; jobified=0
Direct3D:
    Version:  Direct3D 11.0 [level 11.1]
    Renderer: NVIDIA GeForce RTX 3070 Laptop GPU (ID=0x249d)
    Vendor:   NVIDIA
    VRAM:     8044 MB
    Driver:   30.0.15.1179
Initialize mono
Mono path[0] = 'C:/Program Files (x86)/Unity/2021.3.0f1/Editor/Data/Managed'
Mono path[1] = 'C:/Program Files (x86)/Unity/2021.3.0f1/Editor/Data/MonoBleedingEdge/lib/mono/unityjit-win32'
Mono config path = 'C:/Program Files (x86)/Unity/2021.3.0f1/Editor/Data/MonoBleedingEdge/etc'
Using monoOptions --debugger-agent=transport=dt_socket,embedding=1,server=y,suspend=n,address=127.0.0.1:56868
Begin MonoManager ReloadAssembly
Registering precompiled unity dll's ...
Register platform support module: C:/Program Files (x86)/Unity/2021.3.0f1/Editor/Data/PlaybackEngines/WebGLSupport/UnityEditor.WebGL.Extensions.dll
Register platform support module: C:/Program Files (x86)/Unity/2021.3.0f1/Editor/Data/PlaybackEngines/AndroidPlayer/UnityEditor.Android.Extensions.dll
Register platform support module: C:/Program Files (x86)/Unity/2021.3.0f1/Editor/Data/PlaybackEngines/WindowsStandaloneSupport/UnityEditor.WindowsStandalone.Extensions.dll
Registered in 0.017342 seconds.
Native extension for WindowsStandalone target not found
Native extension for Android target not found
Native extension for WebGL target not found
Refreshing native plugins compatible for Editor in 120.95 ms, found 11 plugins.
Preloading 1 native plugins for Editor in 0.27 ms.
Mono: successfully reloaded assembly
- Completed reload, in  1.052 seconds
Domain Reload Profiling:
	ReloadAssembly (1053ms)
		BeginReloadAssembly (140ms)
			ExecutionOrderSort (0ms)
			DisableScriptedObjects (0ms)
			BackupInstance (0ms)
			ReleaseScriptingObjects (0ms)
			CreateAndSetChildDomain (1ms)
		EndReloadAssembly (714ms)
			LoadAssemblies (137ms)
			RebuildTransferFunctionScriptingTraits (0ms)
			SetupTypeCache (172ms)
			ReleaseScriptCaches (0ms)
			RebuildScriptCaches (38ms)
			SetupLoadedEditorAssemblies (426ms)
				LogAssemblyErrors (0ms)
				InitializePlatformSupportModulesInManaged (94ms)
				SetLoadedEditorAssemblies (0ms)
				RefreshPlugins (121ms)
				BeforeProcessingInitializeOnLoad (2ms)
				ProcessInitializeOnLoadAttributes (145ms)
				ProcessInitializeOnLoadMethodAttributes (62ms)
				AfterProcessingInitializeOnLoad (0ms)
				EditorAssembliesLoaded (0ms)
			ExecutionOrderSort2 (0ms)
			AwakeInstancesAfterBackupRestoration (0ms)
Platform modules already initialized, skipping
Registering precompiled user dll's ...
Registered in 0.008562 seconds.
Begin MonoManager ReloadAssembly
Symbol file LoadedFromMemory doesn't match image E:\CS484_Repo\CS.PSY484_Group4_Project\UpdatedFinalProject2\Library\PackageCache\com.unity.visualscripting@1.7.6\Editor\VisualScripting.Core\Dependencies\DotNetZip\Unity.VisualScripting.IonicZip.dll
Symbol file LoadedFromMemory doesn't match image E:\CS484_Repo\CS.PSY484_Group4_Project\UpdatedFinalProject2\Library\PackageCache\com.unity.visualscripting@1.7.6\Editor\VisualScripting.Core\Dependencies\YamlDotNet\Unity.VisualScripting.YamlDotNet.dll
Symbol file LoadedFromMemory is not a mono symbol file
Native extension for WindowsStandalone target not found
Native extension for Android target not found
Native extension for WebGL target not found
Refreshing native plugins compatible for Editor in 123.03 ms, found 11 plugins.
Preloading 1 native plugins for Editor in 0.08 ms.
Package Manager log level set to [2]
System.Reflection.TargetInvocationException: Exception has been thrown by the target of an invocation. ---> System.NullReferenceException: Object reference not set to an instance of an object
  at Unity.XR.Oculus.OculusLoader.AssetPathToAbsolutePath (System.String assetPath) [0x0003d] in E:\CS484_Repo\CS.PSY484_Group4_Project\UpdatedFinalProject2\Library\PackageCache\com.unity.xr.oculus@3.0.0\Runtime\OculusLoader.cs:257 
  at Unity.XR.Oculus.OculusLoader.EditorLoadOVRPlugin () [0x0007b] in E:\CS484_Repo\CS.PSY484_Group4_Project\UpdatedFinalProject2\Library\PackageCache\com.unity.xr.oculus@3.0.0\Runtime\OculusLoader.cs:242 
  at (wrapper managed-to-native) System.Reflection.RuntimeMethodInfo.InternalInvoke(System.Reflection.RuntimeMethodInfo,object,object[],System.Exception&)
  at System.Reflection.RuntimeMethodInfo.Invoke (System.Object obj, System.Reflection.BindingFlags invokeAttr, System.Reflection.Binder binder, System.Object[] parameters, System.Globalization.CultureInfo culture) [0x0006a] in <6073cf49ed704e958b8a66d540dea948>:0 
   --- End of inner exception stack trace ---
  at System.Reflection.RuntimeMethodInfo.Invoke (System.Object obj, System.Reflection.BindingFlags invokeAttr, System.Reflection.Binder binder, System.Object[] parameters, System.Globalization.CultureInfo culture) [0x00083] in <6073cf49ed704e958b8a66d540dea948>:0 
  at System.Reflection.MethodBase.Invoke (System.Object obj, System.Object[] parameters) [0x00000] in <6073cf49ed704e958b8a66d540dea948>:0 
  at UnityEditor.EditorAssemblies.ProcessInitializeOnLoadMethodAttributes () [0x000a5] in <780782bc035845f9909cebbd4c983ae3>:0 
UnityEngine.StackTraceUtility:ExtractStackTrace ()
UnityEngine.DebugLogHandler:LogFormat (UnityEngine.LogType,UnityEngine.Object,string,object[])
UnityEngine.Logger:Log (UnityEngine.LogType,object)
UnityEngine.Debug:LogError (object)
UnityEditor.EditorAssemblies:ProcessInitializeOnLoadMethodAttributes ()

Mono: successfully reloaded assembly
- Completed reload, in  1.821 seconds
Domain Reload Profiling:
	ReloadAssembly (1822ms)
		BeginReloadAssembly (269ms)
			ExecutionOrderSort (0ms)
			DisableScriptedObjects (8ms)
			BackupInstance (0ms)
			ReleaseScriptingObjects (0ms)
			CreateAndSetChildDomain (137ms)
		EndReloadAssembly (1405ms)
			LoadAssemblies (127ms)
			RebuildTransferFunctionScriptingTraits (0ms)
			SetupTypeCache (395ms)
			ReleaseScriptCaches (1ms)
			RebuildScriptCaches (82ms)
			SetupLoadedEditorAssemblies (731ms)
				LogAssemblyErrors (0ms)
				InitializePlatformSupportModulesInManaged (25ms)
				SetLoadedEditorAssemblies (0ms)
				RefreshPlugins (123ms)
				BeforeProcessingInitializeOnLoad (116ms)
				ProcessInitializeOnLoadAttributes (410ms)
				ProcessInitializeOnLoadMethodAttributes (45ms)
				AfterProcessingInitializeOnLoad (11ms)
				EditorAssembliesLoaded (0ms)
			ExecutionOrderSort2 (0ms)
			AwakeInstancesAfterBackupRestoration (6ms)
Platform modules already initialized, skipping
========================================================================
Worker process is ready to serve import requests
Launched and connected shader compiler UnityShaderCompiler.exe after 0.08 seconds
Refreshing native plugins compatible for Editor in 1.28 ms, found 11 plugins.
Preloading 1 native plugins for Editor in 0.09 ms.
Unloading 4024 Unused Serialized files (Serialized files now loaded: 0)
Unloading 47 unused Assets / (345.6 KB). Loaded Objects now: 4502.
Memory consumption went from 167.7 MB to 167.4 MB.
Total: 6.950600 ms (FindLiveObjects: 0.453900 ms CreateObjectMapping: 0.408400 ms MarkObjects: 5.447500 ms  DeleteObjects: 0.638200 ms)

AssetImportParameters requested are different than current active one (requested -> active):
  custom:video-decoder-ogg-theora: a1e56fd34408186e4bbccfd4996cb3dc -> 
  custom:container-muxer-webm: aa71ff27fc2769a1b78a27578f13a17b -> 
  custom:container-demuxer-webm: 4f35f7cbe854078d1ac9338744f61a02 -> 
  custom:video-encoder-webm-vp8: eb34c28f22e8b96e1ab97ce403110664 -> 
  custom:video-codec-MediaFoundation-h265: 746d11721c4dcdbdad8f713fa42b33f4 -> 
  custom:audio-encoder-webm-vorbis: bf7c407c2cedff20999df2af8eb42d56 -> 
  custom:framework-win-MediaFoundation: 216162199b28c13a410421893ffa2e32 -> 
  custom:container-demuxer-ogg: 62fdf1f143b41e24485cea50d1cbac27 -> 
  custom:video-decoder-webm-vp8: 9c59270c3fd7afecdb556c50c9e8de78 -> 
  custom:audio-decoder-ogg-vorbis: bf7c407c2cedff20999df2af8eb42d56 -> 
========================================================================
Received Import Request.
  Time since last request: 97783.902002 seconds.
  path: Assets/New Terrain 1.asset
  artifactKey: Guid(3b716d715707c9046bec616bafb9b5df) Importer(815301076,1909f56bfc062723c751e8b465ee728b)
Start importing Assets/New Terrain 1.asset using Guid(3b716d715707c9046bec616bafb9b5df) Importer(815301076,1909f56bfc062723c751e8b465ee728b)  -> (artifact id: '54575a8fa5acfa65aefc442de9ed1826') in 0.106994 seconds 
========================================================================
Received Import Request.
  Time since last request: 0.000034 seconds.
  path: Assets/New Terrain.asset
  artifactKey: Guid(414e94c17ba246444b1346fce350f17b) Importer(815301076,1909f56bfc062723c751e8b465ee728b)
Start importing Assets/New Terrain.asset using Guid(414e94c17ba246444b1346fce350f17b) Importer(815301076,1909f56bfc062723c751e8b465ee728b)  -> (artifact id: '45770b68447b4dfd6954820b11cc9827') in 0.018630 seconds 
========================================================================
Received Prepare
Registering precompiled user dll's ...
Registered in 0.008903 seconds.
Begin MonoManager ReloadAssembly
Symbol file LoadedFromMemory doesn't match image E:\CS484_Repo\CS.PSY484_Group4_Project\UpdatedFinalProject2\Library\PackageCache\com.unity.visualscripting@1.7.6\Editor\VisualScripting.Core\Dependencies\DotNetZip\Unity.VisualScripting.IonicZip.dll
Symbol file LoadedFromMemory doesn't match image E:\CS484_Repo\CS.PSY484_Group4_Project\UpdatedFinalProject2\Library\PackageCache\com.unity.visualscripting@1.7.6\Editor\VisualScripting.Core\Dependencies\YamlDotNet\Unity.VisualScripting.YamlDotNet.dll
Symbol file LoadedFromMemory is not a mono symbol file
Native extension for WindowsStandalone target not found
Native extension for Android target not found
Native extension for WebGL target not found
Refreshing native plugins compatible for Editor in 1.17 ms, found 11 plugins.
Preloading 1 native plugins for Editor in 0.09 ms.
System.Reflection.TargetInvocationException: Exception has been thrown by the target of an invocation. ---> System.NullReferenceException: Object reference not set to an instance of an object
  at Unity.XR.Oculus.OculusLoader.AssetPathToAbsolutePath (System.String assetPath) [0x0003d] in E:\CS484_Repo\CS.PSY484_Group4_Project\UpdatedFinalProject2\Library\PackageCache\com.unity.xr.oculus@3.0.0\Runtime\OculusLoader.cs:257 
  at Unity.XR.Oculus.OculusLoader.EditorLoadOVRPlugin () [0x0007b] in E:\CS484_Repo\CS.PSY484_Group4_Project\UpdatedFinalProject2\Library\PackageCache\com.unity.xr.oculus@3.0.0\Runtime\OculusLoader.cs:242 
  at (wrapper managed-to-native) System.Reflection.RuntimeMethodInfo.InternalInvoke(System.Reflection.RuntimeMethodInfo,object,object[],System.Exception&)
  at System.Reflection.RuntimeMethodInfo.Invoke (System.Object obj, System.Reflection.BindingFlags invokeAttr, System.Reflection.Binder binder, System.Object[] parameters, System.Globalization.CultureInfo culture) [0x0006a] in <6073cf49ed704e958b8a66d540dea948>:0 
   --- End of inner exception stack trace ---
  at System.Reflection.RuntimeMethodInfo.Invoke (System.Object obj, System.Reflection.BindingFlags invokeAttr, System.Reflection.Binder binder, System.Object[] parameters, System.Globalization.CultureInfo culture) [0x00083] in <6073cf49ed704e958b8a66d540dea948>:0 
  at System.Reflection.MethodBase.Invoke (System.Object obj, System.Object[] parameters) [0x00000] in <6073cf49ed704e958b8a66d540dea948>:0 
  at UnityEditor.EditorAssemblies.ProcessInitializeOnLoadMethodAttributes () [0x000a5] in <780782bc035845f9909cebbd4c983ae3>:0 
UnityEngine.StackTraceUtility:ExtractStackTrace ()
UnityEngine.DebugLogHandler:LogFormat (UnityEngine.LogType,UnityEngine.Object,string,object[])
UnityEngine.Logger:Log (UnityEngine.LogType,object)
UnityEngine.Debug:LogError (object)
UnityEditor.EditorAssemblies:ProcessInitializeOnLoadMethodAttributes ()

Mono: successfully reloaded assembly
- Completed reload, in  1.331 seconds
Domain Reload Profiling:
	ReloadAssembly (1331ms)
		BeginReloadAssembly (152ms)
			ExecutionOrderSort (0ms)
			DisableScriptedObjects (5ms)
			BackupInstance (0ms)
			ReleaseScriptingObjects (0ms)
			CreateAndSetChildDomain (43ms)
		EndReloadAssembly (1071ms)
			LoadAssemblies (105ms)
			RebuildTransferFunctionScriptingTraits (0ms)
			SetupTypeCache (287ms)
			ReleaseScriptCaches (2ms)
			RebuildScriptCaches (57ms)
			SetupLoadedEditorAssemblies (545ms)
				LogAssemblyErrors (0ms)
				InitializePlatformSupportModulesInManaged (30ms)
				SetLoadedEditorAssemblies (1ms)
				RefreshPlugins (1ms)
				BeforeProcessingInitializeOnLoad (103ms)
				ProcessInitializeOnLoadAttributes (351ms)
				ProcessInitializeOnLoadMethodAttributes (45ms)
				AfterProcessingInitializeOnLoad (14ms)
				EditorAssembliesLoaded (0ms)
			ExecutionOrderSort2 (0ms)
			AwakeInstancesAfterBackupRestoration (6ms)
Platform modules already initialized, skipping
Refreshing native plugins compatible for Editor in 5.05 ms, found 11 plugins.
Preloading 1 native plugins for Editor in 0.09 ms.
Unloading 3980 Unused Serialized files (Serialized files now loaded: 0)
Unloading 37 unused Assets / (310.9 KB). Loaded Objects now: 4508.
Memory consumption went from 165.1 MB to 164.8 MB.
Total: 5.041300 ms (FindLiveObjects: 0.513900 ms CreateObjectMapping: 0.379900 ms MarkObjects: 4.033200 ms  DeleteObjects: 0.113000 ms)

AssetImportParameters requested are different than current active one (requested -> active):
  custom:video-decoder-ogg-theora: a1e56fd34408186e4bbccfd4996cb3dc -> 
  custom:container-muxer-webm: aa71ff27fc2769a1b78a27578f13a17b -> 
  custom:container-demuxer-webm: 4f35f7cbe854078d1ac9338744f61a02 -> 
  custom:video-encoder-webm-vp8: eb34c28f22e8b96e1ab97ce403110664 -> 
  custom:video-codec-MediaFoundation-h265: 746d11721c4dcdbdad8f713fa42b33f4 -> 
  custom:audio-encoder-webm-vorbis: bf7c407c2cedff20999df2af8eb42d56 -> 
  custom:framework-win-MediaFoundation: 216162199b28c13a410421893ffa2e32 -> 
  custom:container-demuxer-ogg: 62fdf1f143b41e24485cea50d1cbac27 -> 
  custom:video-decoder-webm-vp8: 9c59270c3fd7afecdb556c50c9e8de78 -> 
  custom:audio-decoder-ogg-vorbis: bf7c407c2cedff20999df2af8eb42d56 -> 
========================================================================
Received Prepare
Registering precompiled user dll's ...
Registered in 0.009363 seconds.
Begin MonoManager ReloadAssembly
Symbol file LoadedFromMemory doesn't match image E:\CS484_Repo\CS.PSY484_Group4_Project\UpdatedFinalProject2\Library\PackageCache\com.unity.visualscripting@1.7.6\Editor\VisualScripting.Core\Dependencies\DotNetZip\Unity.VisualScripting.IonicZip.dll
Symbol file LoadedFromMemory doesn't match image E:\CS484_Repo\CS.PSY484_Group4_Project\UpdatedFinalProject2\Library\PackageCache\com.unity.visualscripting@1.7.6\Editor\VisualScripting.Core\Dependencies\YamlDotNet\Unity.VisualScripting.YamlDotNet.dll
Symbol file LoadedFromMemory is not a mono symbol file
Native extension for WindowsStandalone target not found
Native extension for Android target not found
Native extension for WebGL target not found
Refreshing native plugins compatible for Editor in 1.23 ms, found 11 plugins.
Preloading 1 native plugins for Editor in 0.09 ms.
System.Reflection.TargetInvocationException: Exception has been thrown by the target of an invocation. ---> System.NullReferenceException: Object reference not set to an instance of an object
  at Unity.XR.Oculus.OculusLoader.AssetPathToAbsolutePath (System.String assetPath) [0x0003d] in E:\CS484_Repo\CS.PSY484_Group4_Project\UpdatedFinalProject2\Library\PackageCache\com.unity.xr.oculus@3.0.0\Runtime\OculusLoader.cs:257 
  at Unity.XR.Oculus.OculusLoader.EditorLoadOVRPlugin () [0x0007b] in E:\CS484_Repo\CS.PSY484_Group4_Project\UpdatedFinalProject2\Library\PackageCache\com.unity.xr.oculus@3.0.0\Runtime\OculusLoader.cs:242 
  at (wrapper managed-to-native) System.Reflection.RuntimeMethodInfo.InternalInvoke(System.Reflection.RuntimeMethodInfo,object,object[],System.Exception&)
  at System.Reflection.RuntimeMethodInfo.Invoke (System.Object obj, System.Reflection.BindingFlags invokeAttr, System.Reflection.Binder binder, System.Object[] parameters, System.Globalization.CultureInfo culture) [0x0006a] in <6073cf49ed704e958b8a66d540dea948>:0 
   --- End of inner exception stack trace ---
  at System.Reflection.RuntimeMethodInfo.Invoke (System.Object obj, System.Reflection.BindingFlags invokeAttr, System.Reflection.Binder binder, System.Object[] parameters, System.Globalization.CultureInfo culture) [0x00083] in <6073cf49ed704e958b8a66d540dea948>:0 
  at System.Reflection.MethodBase.Invoke (System.Object obj, System.Object[] parameters) [0x00000] in <6073cf49ed704e958b8a66d540dea948>:0 
  at UnityEditor.EditorAssemblies.ProcessInitializeOnLoadMethodAttributes () [0x000a5] in <780782bc035845f9909cebbd4c983ae3>:0 
UnityEngine.StackTraceUtility:ExtractStackTrace ()
UnityEngine.DebugLogHandler:LogFormat (UnityEngine.LogType,UnityEngine.Object,string,object[])
UnityEngine.Logger:Log (UnityEngine.LogType,object)
UnityEngine.Debug:LogError (object)
UnityEditor.EditorAssemblies:ProcessInitializeOnLoadMethodAttributes ()

Mono: successfully reloaded assembly
- Completed reload, in  1.354 seconds
Domain Reload Profiling:
	ReloadAssembly (1355ms)
		BeginReloadAssembly (163ms)
			ExecutionOrderSort (0ms)
			DisableScriptedObjects (6ms)
			BackupInstance (0ms)
			ReleaseScriptingObjects (0ms)
			CreateAndSetChildDomain (47ms)
		EndReloadAssembly (1033ms)
			LoadAssemblies (115ms)
			RebuildTransferFunctionScriptingTraits (0ms)
			SetupTypeCache (311ms)
			ReleaseScriptCaches (2ms)
			RebuildScriptCaches (51ms)
			SetupLoadedEditorAssemblies (499ms)
				LogAssemblyErrors (0ms)
				InitializePlatformSupportModulesInManaged (30ms)
				SetLoadedEditorAssemblies (1ms)
				RefreshPlugins (1ms)
				BeforeProcessingInitializeOnLoad (82ms)
				ProcessInitializeOnLoadAttributes (321ms)
				ProcessInitializeOnLoadMethodAttributes (52ms)
				AfterProcessingInitializeOnLoad (12ms)
				EditorAssembliesLoaded (0ms)
			ExecutionOrderSort2 (0ms)
			AwakeInstancesAfterBackupRestoration (6ms)
Platform modules already initialized, skipping
Refreshing native plugins compatible for Editor in 5.48 ms, found 11 plugins.
Preloading 1 native plugins for Editor in 0.06 ms.
Unloading 3980 Unused Serialized files (Serialized files now loaded: 0)
Unloading 37 unused Assets / (310.8 KB). Loaded Objects now: 4512.
Memory consumption went from 165.1 MB to 164.8 MB.
Total: 7.362500 ms (FindLiveObjects: 1.020000 ms CreateObjectMapping: 0.629400 ms MarkObjects: 5.557800 ms  DeleteObjects: 0.151000 ms)

AssetImportParameters requested are different than current active one (requested -> active):
  custom:video-decoder-ogg-theora: a1e56fd34408186e4bbccfd4996cb3dc -> 
  custom:container-muxer-webm: aa71ff27fc2769a1b78a27578f13a17b -> 
  custom:container-demuxer-webm: 4f35f7cbe854078d1ac9338744f61a02 -> 
  custom:video-encoder-webm-vp8: eb34c28f22e8b96e1ab97ce403110664 -> 
  custom:video-codec-MediaFoundation-h265: 746d11721c4dcdbdad8f713fa42b33f4 -> 
  custom:audio-encoder-webm-vorbis: bf7c407c2cedff20999df2af8eb42d56 -> 
  custom:framework-win-MediaFoundation: 216162199b28c13a410421893ffa2e32 -> 
  custom:container-demuxer-ogg: 62fdf1f143b41e24485cea50d1cbac27 -> 
  custom:video-decoder-webm-vp8: 9c59270c3fd7afecdb556c50c9e8de78 -> 
  custom:audio-decoder-ogg-vorbis: bf7c407c2cedff20999df2af8eb42d56 -> 
========================================================================
Received Import Request.
  Time since last request: 348.708226 seconds.
  path: Assets/Scenes
  artifactKey: Guid(0cc1b79de78bc4991892d4d342d7211a) Importer(815301076,1909f56bfc062723c751e8b465ee728b)
Start importing Assets/Scenes using Guid(0cc1b79de78bc4991892d4d342d7211a) Importer(815301076,1909f56bfc062723c751e8b465ee728b)  -> (artifact id: '464905cf348a3030ff915904016b0176') in 0.014881 seconds 
========================================================================
Received Import Request.
  Time since last request: 0.376228 seconds.
  path: Assets/Playground Low Poly
  artifactKey: Guid(144e7859bf8840142947293485a94bc6) Importer(815301076,1909f56bfc062723c751e8b465ee728b)
Start importing Assets/Playground Low Poly using Guid(144e7859bf8840142947293485a94bc6) Importer(815301076,1909f56bfc062723c751e8b465ee728b)  -> (artifact id: '0f7c72cbb4c73cd752f49fc4aac7f167') in 0.008320 seconds 
========================================================================
Received Import Request.
  Time since last request: 0.385026 seconds.
  path: Assets/Parks And Nature Pack
  artifactKey: Guid(18719788afb31e14eae6427518e14be6) Importer(815301076,1909f56bfc062723c751e8b465ee728b)
Start importing Assets/Parks And Nature Pack using Guid(18719788afb31e14eae6427518e14be6) Importer(815301076,1909f56bfc062723c751e8b465ee728b)  -> (artifact id: '4c320e4b8cbadf80a06e619a3823bcbc') in 0.008438 seconds 
========================================================================
Received Import Request.
  Time since last request: 0.379356 seconds.
  path: Assets/ExampleAssets
  artifactKey: Guid(83b7bbecd9fac4db9824039903a1eea8) Importer(815301076,1909f56bfc062723c751e8b465ee728b)
Start importing Assets/ExampleAssets using Guid(83b7bbecd9fac4db9824039903a1eea8) Importer(815301076,1909f56bfc062723c751e8b465ee728b)  -> (artifact id: '7e87ec44381814a26b24ab8af8480de6') in 0.010215 seconds 
========================================================================
Received Import Request.
  Time since last request: 0.769760 seconds.
  path: Assets/GrassFlowers
  artifactKey: Guid(8962f154389e85046bd6671136e104ac) Importer(815301076,1909f56bfc062723c751e8b465ee728b)
Start importing Assets/GrassFlowers using Guid(8962f154389e85046bd6671136e104ac) Importer(815301076,1909f56bfc062723c751e8b465ee728b)  -> (artifact id: '6a021b2cc8d394f6b4817914eb4b34c4') in 0.009382 seconds 
========================================================================
Received Import Request.
  Time since last request: 418.886191 seconds.
  path: Assets/GrassFlowers/Textures/Ground/Grass01_BigUV.png
  artifactKey: Guid(38bb15d6b378aff46b461e248592d1da) Importer(815301076,1909f56bfc062723c751e8b465ee728b)
Start importing Assets/GrassFlowers/Textures/Ground/Grass01_BigUV.png using Guid(38bb15d6b378aff46b461e248592d1da) Importer(815301076,1909f56bfc062723c751e8b465ee728b)  -> (artifact id: '055bbe0a02d47b8a09a4074a1df6112c') in 0.090517 seconds 
========================================================================
Received Import Request.
  Time since last request: 1.349309 seconds.
  path: Assets/DreamForestTree/Textures/Ground/NewLayer.terrainlayer
  artifactKey: Guid(3a63724d23701704693c5965ebcf4d2d) Importer(815301076,1909f56bfc062723c751e8b465ee728b)
Start importing Assets/DreamForestTree/Textures/Ground/NewLayer.terrainlayer using Guid(3a63724d23701704693c5965ebcf4d2d) Importer(815301076,1909f56bfc062723c751e8b465ee728b)  -> (artifact id: '806c11834ad58e23136c842317238cdd') in 0.046521 seconds 
========================================================================
Received Import Request.
  Time since last request: 10.313099 seconds.
  path: Assets/_TerrainAutoUpgrade/layer_Grass01_BigUVd261c09ae55ba1e3.terrainlayer
  artifactKey: Guid(12ee7b3ad0570644eaa78e690d59639e) Importer(815301076,1909f56bfc062723c751e8b465ee728b)
Start importing Assets/_TerrainAutoUpgrade/layer_Grass01_BigUVd261c09ae55ba1e3.terrainlayer using Guid(12ee7b3ad0570644eaa78e690d59639e) Importer(815301076,1909f56bfc062723c751e8b465ee728b)  -> (artifact id: '3a1e035692f678eeb4ab8d25fb06caca') in 0.026414 seconds 
========================================================================
Received Import Request.
  Time since last request: 2.405416 seconds.
  path: Assets/ExampleAssets/Tutorial/Images/1-welcome-screen-image.png
  artifactKey: Guid(11e34d76fce7843be984510eca5c9139) Importer(815301076,1909f56bfc062723c751e8b465ee728b)
Start importing Assets/ExampleAssets/Tutorial/Images/1-welcome-screen-image.png using Guid(11e34d76fce7843be984510eca5c9139) Importer(815301076,1909f56bfc062723c751e8b465ee728b)  -> (artifact id: '61555ca77dd1391bbf66d12e9c5868d6') in 0.025357 seconds 
========================================================================
Received Import Request.
  Time since last request: 0.000039 seconds.
  path: Assets/Tree9/bark14_N.png
  artifactKey: Guid(81f1d63919f88a547a8d97fe857cc586) Importer(815301076,1909f56bfc062723c751e8b465ee728b)
Start importing Assets/Tree9/bark14_N.png using Guid(81f1d63919f88a547a8d97fe857cc586) Importer(815301076,1909f56bfc062723c751e8b465ee728b)  -> (artifact id: '21900c4b5cb5c5512f7ec1e4008b9484') in 0.052838 seconds 
========================================================================
Received Import Request.
  Time since last request: 0.000046 seconds.
  path: Assets/DreamForestTree/Textures/Trees/Bark 2 N.psd
  artifactKey: Guid(f08221096a97744419c55f1266293ae5) Importer(815301076,1909f56bfc062723c751e8b465ee728b)
Start importing Assets/DreamForestTree/Textures/Trees/Bark 2 N.psd using Guid(f08221096a97744419c55f1266293ae5) Importer(815301076,1909f56bfc062723c751e8b465ee728b)  -> (artifact id: '8ac65b18e8d96b4f4b3d0fc2e9e6c26e') in 0.038378 seconds 
========================================================================
Received Import Request.
  Time since last request: 0.000051 seconds.
  path: Assets/DreamForestTree/Textures/Trees/Bark 1 N.psd
  artifactKey: Guid(a5884e30377ed0a45a18cca3365b29b4) Importer(815301076,1909f56bfc062723c751e8b465ee728b)
Start importing Assets/DreamForestTree/Textures/Trees/Bark 1 N.psd using Guid(a5884e30377ed0a45a18cca3365b29b4) Importer(815301076,1909f56bfc062723c751e8b465ee728b)  -> (artifact id: 'fbc8b3be6c273676b730533f68b001cb') in 0.028516 seconds 
========================================================================
Received Import Request.
  Time since last request: 1.372613 seconds.
  path: Assets/DreamForestTree/Textures/Trees/bush 1 N.psd
  artifactKey: Guid(f82d96428e90b43469cb932848ed0ddd) Importer(815301076,1909f56bfc062723c751e8b465ee728b)
Start importing Assets/DreamForestTree/Textures/Trees/bush 1 N.psd using Guid(f82d96428e90b43469cb932848ed0ddd) Importer(815301076,1909f56bfc062723c751e8b465ee728b)  -> (artifact id: '29b16642f730b6411a82930a0ff124ef') in 0.027023 seconds 
========================================================================
Received Import Request.
  Time since last request: 0.113887 seconds.
  path: Assets/DreamForestTree/Textures/Trees/bush 1 Trans.psd
  artifactKey: Guid(6ec4b90faa42dbb4ca3bb84792382cb2) Importer(815301076,1909f56bfc062723c751e8b465ee728b)
Start importing Assets/DreamForestTree/Textures/Trees/bush 1 Trans.psd using Guid(6ec4b90faa42dbb4ca3bb84792382cb2) Importer(815301076,1909f56bfc062723c751e8b465ee728b)  -> (artifact id: 'fa15b1f92935dee3d1bcffed3c9f5237') in 0.030586 seconds 
========================================================================
Received Import Request.
  Time since last request: 0.511752 seconds.
  path: Assets/DreamForestTree/Textures/Trees/bush 2 N.psd
  artifactKey: Guid(215001c2d9f8acd43bc9dde11084b783) Importer(815301076,1909f56bfc062723c751e8b465ee728b)
Start importing Assets/DreamForestTree/Textures/Trees/bush 2 N.psd using Guid(215001c2d9f8acd43bc9dde11084b783) Importer(815301076,1909f56bfc062723c751e8b465ee728b)  -> (artifact id: '6c5ad40703fcde2dfd3ce8954a9a46c5') in 0.027371 seconds 
========================================================================
Received Import Request.
  Time since last request: 0.064694 seconds.
  path: Assets/DreamForestTree/Textures/Trees/bush 2 Trans.psd
  artifactKey: Guid(cbce07d5b59481a41b637d95986cba1a) Importer(815301076,1909f56bfc062723c751e8b465ee728b)
Start importing Assets/DreamForestTree/Textures/Trees/bush 2 Trans.psd using Guid(cbce07d5b59481a41b637d95986cba1a) Importer(815301076,1909f56bfc062723c751e8b465ee728b)  -> (artifact id: 'd8cbd4688abfc33823da8e2d2e3ec45c') in 0.025320 seconds 
========================================================================
Received Import Request.
  Time since last request: 0.043870 seconds.
  path: Assets/DreamForestTree/TreesModels/bush 1_Textures/diffuse.png
  artifactKey: Guid(370a0ab725f384143aaab0a517506ffd) Importer(815301076,1909f56bfc062723c751e8b465ee728b)
Start importing Assets/DreamForestTree/TreesModels/bush 1_Textures/diffuse.png using Guid(370a0ab725f384143aaab0a517506ffd) Importer(815301076,1909f56bfc062723c751e8b465ee728b)  -> (artifact id: '4406306f1a2b7ec4fb33cf7189624f2a') in 0.026090 seconds 
========================================================================
Received Import Request.
  Time since last request: 0.063773 seconds.
  path: Assets/DreamForestTree/TreesModels/RedWood 5_Textures/diffuse.png
  artifactKey: Guid(cc4bcc87e3fd5d1458291174eb2efa09) Importer(815301076,1909f56bfc062723c751e8b465ee728b)
Start importing Assets/DreamForestTree/TreesModels/RedWood 5_Textures/diffuse.png using Guid(cc4bcc87e3fd5d1458291174eb2efa09) Importer(815301076,1909f56bfc062723c751e8b465ee728b)  -> (artifact id: '68d15d37cf9a07272449fcbaa0f18e4f') in 0.025577 seconds 
========================================================================
Received Import Request.
  Time since last request: 0.334682 seconds.
  path: Assets/Tree_Textures/diffuse.png
  artifactKey: Guid(ca8de7818fc45f8429f13763b07976d9) Importer(815301076,1909f56bfc062723c751e8b465ee728b)
Start importing Assets/Tree_Textures/diffuse.png using Guid(ca8de7818fc45f8429f13763b07976d9) Importer(815301076,1909f56bfc062723c751e8b465ee728b)  -> (artifact id: '4a51e540f860a4d75286734239e30ebb') in 0.019459 seconds 
========================================================================
Received Import Request.
  Time since last request: 0.081222 seconds.
  path: Assets/DreamForestTree/TreesModels/RedWood 3_Textures/diffuse.png
  artifactKey: Guid(2c8b35b0fde301740b96a3435d9a1918) Importer(815301076,1909f56bfc062723c751e8b465ee728b)
Start importing Assets/DreamForestTree/TreesModels/RedWood 3_Textures/diffuse.png using Guid(2c8b35b0fde301740b96a3435d9a1918) Importer(815301076,1909f56bfc062723c751e8b465ee728b)  -> (artifact id: '3c89f0d75c7f0f230169a0f9b0e07dc5') in 0.029680 seconds 
========================================================================
Received Import Request.
  Time since last request: 0.038004 seconds.
  path: Assets/DreamForestTree/DemoScene/default_flare/Flare50mm+.psd
  artifactKey: Guid(23a02ac18d11c9ffa0009c58a8ad6659) Importer(815301076,1909f56bfc062723c751e8b465ee728b)
Start importing Assets/DreamForestTree/DemoScene/default_flare/Flare50mm+.psd using Guid(23a02ac18d11c9ffa0009c58a8ad6659) Importer(815301076,1909f56bfc062723c751e8b465ee728b)  -> (artifact id: '69593a31f4ed599f2495c928eaf1e649') in 0.030798 seconds 
========================================================================
Received Import Request.
  Time since last request: 2.025768 seconds.
  path: Assets/DreamForestTree/Textures/Ground/Grass 1 N.psd
  artifactKey: Guid(cd0df4b4b7ec579499800f972de7875c) Importer(815301076,1909f56bfc062723c751e8b465ee728b)
Start importing Assets/DreamForestTree/Textures/Ground/Grass 1 N.psd using Guid(cd0df4b4b7ec579499800f972de7875c) Importer(815301076,1909f56bfc062723c751e8b465ee728b)  -> (artifact id: '46a5d5d2a69c04e20204e60dc96f9ae9') in 0.022186 seconds 
========================================================================
Received Import Request.
  Time since last request: 0.047415 seconds.
  path: Assets/DreamForestTree/Textures/Ground/Grass 3.psd
  artifactKey: Guid(656afd8e9942c0846bd3cb51c33e7cd2) Importer(815301076,1909f56bfc062723c751e8b465ee728b)
Start importing Assets/DreamForestTree/Textures/Ground/Grass 3.psd using Guid(656afd8e9942c0846bd3cb51c33e7cd2) Importer(815301076,1909f56bfc062723c751e8b465ee728b)  -> (artifact id: '86886fdd3b353e44219147a0e811c4ba') in 0.025577 seconds 
========================================================================
Received Import Request.
  Time since last request: 0.030087 seconds.
  path: Assets/DreamForestTree/Textures/Grass/grass plant 1.png
  artifactKey: Guid(0705cfa7ef11ef4438997bbfd18fdbd1) Importer(815301076,1909f56bfc062723c751e8b465ee728b)
Start importing Assets/DreamForestTree/Textures/Grass/grass plant 1.png using Guid(0705cfa7ef11ef4438997bbfd18fdbd1) Importer(815301076,1909f56bfc062723c751e8b465ee728b)  -> (artifact id: 'bd4bae599c85c328a265898291fdfaf4') in 0.024579 seconds 
========================================================================
Received Import Request.
  Time since last request: 0.298630 seconds.
  path: Assets/DreamForestTree/Textures/Grass/grass plant 3.png
  artifactKey: Guid(2eace3a6a0d7102448747a73ea654913) Importer(815301076,1909f56bfc062723c751e8b465ee728b)
Start importing Assets/DreamForestTree/Textures/Grass/grass plant 3.png using Guid(2eace3a6a0d7102448747a73ea654913) Importer(815301076,1909f56bfc062723c751e8b465ee728b)  -> (artifact id: 'f152d5b6c3d1a9f7542202b998acb0e3') in 0.023741 seconds 
========================================================================
Received Import Request.
  Time since last request: 0.036332 seconds.
  path: Assets/GrassFlowers/Textures/GrassFlowers/grass01.tga
  artifactKey: Guid(91a1945982e98be4d9fe3e3d12fdebd8) Importer(815301076,1909f56bfc062723c751e8b465ee728b)
Start importing Assets/GrassFlowers/Textures/GrassFlowers/grass01.tga using Guid(91a1945982e98be4d9fe3e3d12fdebd8) Importer(815301076,1909f56bfc062723c751e8b465ee728b)  -> (artifact id: '203d6b6c406a5db9d896270579efc4b0') in 0.019593 seconds 
========================================================================
Received Import Request.
  Time since last request: 0.000054 seconds.
  path: Assets/GrassFlowers/Textures/GrassFlowers/grassFlower01.tga
  artifactKey: Guid(5733619f617fd954cac22d3d11fd1b93) Importer(815301076,1909f56bfc062723c751e8b465ee728b)
Start importing Assets/GrassFlowers/Textures/GrassFlowers/grassFlower01.tga using Guid(5733619f617fd954cac22d3d11fd1b93) Importer(815301076,1909f56bfc062723c751e8b465ee728b)  -> (artifact id: 'e9f29e17245e7f229a2fb297e3305c06') in 0.021171 seconds 
========================================================================
Received Import Request.
  Time since last request: 0.000077 seconds.
  path: Assets/GrassFlowers/Textures/GrassFlowers/grassFlower02.tga
  artifactKey: Guid(b0601839c4520064bb61d58d088810bc) Importer(815301076,1909f56bfc062723c751e8b465ee728b)
Start importing Assets/GrassFlowers/Textures/GrassFlowers/grassFlower02.tga using Guid(b0601839c4520064bb61d58d088810bc) Importer(815301076,1909f56bfc062723c751e8b465ee728b)  -> (artifact id: '0590fe27abd3b9b13c192bcb2721bfe2') in 0.021277 seconds 
========================================================================
Received Import Request.
  Time since last request: 0.261242 seconds.
  path: Assets/GrassFlowers/Textures/GrassFlowers/grassFlower03.tga
  artifactKey: Guid(c6bde8cacfa93444fa98152cb9e36815) Importer(815301076,1909f56bfc062723c751e8b465ee728b)
Start importing Assets/GrassFlowers/Textures/GrassFlowers/grassFlower03.tga using Guid(c6bde8cacfa93444fa98152cb9e36815) Importer(815301076,1909f56bfc062723c751e8b465ee728b)  -> (artifact id: 'ddacf8d6e11464a15c79a71ca60e351b') in 0.071412 seconds 
========================================================================
Received Import Request.
  Time since last request: 0.000052 seconds.
  path: Assets/GrassFlowers/Textures/GrassFlowers/grassFlower07.tga
  artifactKey: Guid(5afd653e4d79b7a4c9523dd543c0bead) Importer(815301076,1909f56bfc062723c751e8b465ee728b)
Start importing Assets/GrassFlowers/Textures/GrassFlowers/grassFlower07.tga using Guid(5afd653e4d79b7a4c9523dd543c0bead) Importer(815301076,1909f56bfc062723c751e8b465ee728b)  -> (artifact id: '7e5a78d26599a75a7f20ce3e4feae85e') in 0.025841 seconds 
========================================================================
Received Import Request.
  Time since last request: 0.000045 seconds.
  path: Assets/GrassFlowers/Textures/GrassFlowers/grassFlower05.tga
  artifactKey: Guid(e3b33de953074bc4a88d9487f19c1202) Importer(815301076,1909f56bfc062723c751e8b465ee728b)
Start importing Assets/GrassFlowers/Textures/GrassFlowers/grassFlower05.tga using Guid(e3b33de953074bc4a88d9487f19c1202) Importer(815301076,1909f56bfc062723c751e8b465ee728b)  -> (artifact id: '99a7a9fb1b7e3ab8c654f98bc48e3c72') in 0.024284 seconds 
========================================================================
Received Import Request.
  Time since last request: 0.000047 seconds.
  path: Assets/GrassFlowers/Textures/GrassFlowers/grassFlower09.tga
  artifactKey: Guid(d238efbd27bc5ae4ead9839995f74830) Importer(815301076,1909f56bfc062723c751e8b465ee728b)
Start importing Assets/GrassFlowers/Textures/GrassFlowers/grassFlower09.tga using Guid(d238efbd27bc5ae4ead9839995f74830) Importer(815301076,1909f56bfc062723c751e8b465ee728b)  -> (artifact id: '54fb6469d704b725f6afca06246c7000') in 0.027710 seconds 
========================================================================
Received Import Request.
  Time since last request: 0.484337 seconds.
  path: Assets/DreamForestTree/Textures/Ground/Ground 1.psd
  artifactKey: Guid(38d6a13a3b047fe4ea696f11f4976f73) Importer(815301076,1909f56bfc062723c751e8b465ee728b)
Start importing Assets/DreamForestTree/Textures/Ground/Ground 1.psd using Guid(38d6a13a3b047fe4ea696f11f4976f73) Importer(815301076,1909f56bfc062723c751e8b465ee728b)  -> (artifact id: 'b4b14584b7067fd44340f05b99f2a4bc') in 0.018946 seconds 
========================================================================
Received Import Request.
  Time since last request: 0.037578 seconds.
  path: Assets/DreamForestTree/Textures/Ground/Ground 1 N.psd
  artifactKey: Guid(a1fb8480cd1b30448a52e6df95f69224) Importer(815301076,1909f56bfc062723c751e8b465ee728b)
Start importing Assets/DreamForestTree/Textures/Ground/Ground 1 N.psd using Guid(a1fb8480cd1b30448a52e6df95f69224) Importer(815301076,1909f56bfc062723c751e8b465ee728b)  -> (artifact id: 'a59d5e91928da20c09e1d96e2cb533c6') in 0.033635 seconds 
========================================================================
Received Import Request.
  Time since last request: 0.068382 seconds.
  path: Assets/STS_FreeMedievalHouse/Materials/HouseFloor1Stone-albedo.png
  artifactKey: Guid(cbfe62166c7d673419c44691b6f36b19) Importer(815301076,1909f56bfc062723c751e8b465ee728b)
Start importing Assets/STS_FreeMedievalHouse/Materials/HouseFloor1Stone-albedo.png using Guid(cbfe62166c7d673419c44691b6f36b19) Importer(815301076,1909f56bfc062723c751e8b465ee728b)  -> (artifact id: '5c0619690c8ab5198a639e7dfe86e368') in 0.034129 seconds 
========================================================================
Received Import Request.
  Time since last request: 0.314859 seconds.
  path: Assets/STS_FreeMedievalHouse/Materials/HouseFloor2Wood-albedo.png
  artifactKey: Guid(3315df9e1e359d74484fb25d4c188892) Importer(815301076,1909f56bfc062723c751e8b465ee728b)
Start importing Assets/STS_FreeMedievalHouse/Materials/HouseFloor2Wood-albedo.png using Guid(3315df9e1e359d74484fb25d4c188892) Importer(815301076,1909f56bfc062723c751e8b465ee728b)  -> (artifact id: 'a55eb18ece2d2c98085fb41c499309e8') in 0.025820 seconds 
========================================================================
Received Import Request.
  Time since last request: 0.067883 seconds.
  path: Assets/STS_FreeMedievalHouse/Materials/HouseRoofTiles-albedo.png
  artifactKey: Guid(bb67fc69b53999740917b87143f4ce47) Importer(815301076,1909f56bfc062723c751e8b465ee728b)
Start importing Assets/STS_FreeMedievalHouse/Materials/HouseRoofTiles-albedo.png using Guid(bb67fc69b53999740917b87143f4ce47) Importer(815301076,1909f56bfc062723c751e8b465ee728b)  -> (artifact id: '0acd0f3b70482452ea426ebc039719d2') in 0.018152 seconds 
========================================================================
Received Import Request.
  Time since last request: 2.011864 seconds.
  path: Assets/STS_FreeMedievalHouse/Materials/HouseWall-normal.png
  artifactKey: Guid(0ac5d8104943fd24b826aef3851e2c6b) Importer(815301076,1909f56bfc062723c751e8b465ee728b)
Start importing Assets/STS_FreeMedievalHouse/Materials/HouseWall-normal.png using Guid(0ac5d8104943fd24b826aef3851e2c6b) Importer(815301076,1909f56bfc062723c751e8b465ee728b)  -> (artifact id: 'eba326c647db3521260375c38c5d59c4') in 0.025054 seconds 
========================================================================
Received Import Request.
  Time since last request: 0.300733 seconds.
  path: Assets/STS_FreeMedievalHouse/Materials/HouseWood-albedo.png
  artifactKey: Guid(323c633d65af5d6468f1ce350538323e) Importer(815301076,1909f56bfc062723c751e8b465ee728b)
Start importing Assets/STS_FreeMedievalHouse/Materials/HouseWood-albedo.png using Guid(323c633d65af5d6468f1ce350538323e) Importer(815301076,1909f56bfc062723c751e8b465ee728b)  -> (artifact id: '2ed0ed92df8353d42fc36136b8123d8d') in 0.016941 seconds 
========================================================================
Received Import Request.
  Time since last request: 0.039196 seconds.
  path: Assets/DreamForestTree/PostProcessing/Resources/Bluenoise64/LDR_LLL1_0.png
  artifactKey: Guid(50b54341495978843a6f85583ed4417d) Importer(815301076,1909f56bfc062723c751e8b465ee728b)
Start importing Assets/DreamForestTree/PostProcessing/Resources/Bluenoise64/LDR_LLL1_0.png using Guid(50b54341495978843a6f85583ed4417d) Importer(815301076,1909f56bfc062723c751e8b465ee728b)  -> (artifact id: 'fa2a8c36c7d5ed650e2ab0dd7359f2da') in 0.035828 seconds 
========================================================================
Received Import Request.
  Time since last request: 0.023158 seconds.
  path: Assets/DreamForestTree/PostProcessing/Resources/Bluenoise64/LDR_LLL1_4.png
  artifactKey: Guid(6fa5cf178eaaa5f42b820f636bb6e0bd) Importer(815301076,1909f56bfc062723c751e8b465ee728b)
Start importing Assets/DreamForestTree/PostProcessing/Resources/Bluenoise64/LDR_LLL1_4.png using Guid(6fa5cf178eaaa5f42b820f636bb6e0bd) Importer(815301076,1909f56bfc062723c751e8b465ee728b)  -> (artifact id: '28f877257e8b2fd6629fbd863b00c455') in 0.024233 seconds 
========================================================================
Received Import Request.
  Time since last request: 0.244003 seconds.
  path: Assets/DreamForestTree/PostProcessing/Resources/Bluenoise64/LDR_LLL1_6.png
  artifactKey: Guid(79b86f3419b87f3429164a956da8cfab) Importer(815301076,1909f56bfc062723c751e8b465ee728b)
Start importing Assets/DreamForestTree/PostProcessing/Resources/Bluenoise64/LDR_LLL1_6.png using Guid(79b86f3419b87f3429164a956da8cfab) Importer(815301076,1909f56bfc062723c751e8b465ee728b)  -> (artifact id: '0e989d36b22226b94d2e9679519dfec2') in 0.020949 seconds 
========================================================================
Received Import Request.
  Time since last request: 0.024153 seconds.
  path: Assets/DreamForestTree/PostProcessing/Resources/Bluenoise64/LDR_LLL1_8.png
  artifactKey: Guid(c55042318a938344ab23cd7f09dd0076) Importer(815301076,1909f56bfc062723c751e8b465ee728b)
Start importing Assets/DreamForestTree/PostProcessing/Resources/Bluenoise64/LDR_LLL1_8.png using Guid(c55042318a938344ab23cd7f09dd0076) Importer(815301076,1909f56bfc062723c751e8b465ee728b)  -> (artifact id: '3c81b9e0e6f10874365f13a62a78e74e') in 0.021967 seconds 
========================================================================
Received Import Request.
  Time since last request: 0.029087 seconds.
  path: Assets/DreamForestTree/PostProcessing/Resources/Bluenoise64/LDR_LLL1_10.png
  artifactKey: Guid(afe1e502240079342a0a980484b6da8b) Importer(815301076,1909f56bfc062723c751e8b465ee728b)
Start importing Assets/DreamForestTree/PostProcessing/Resources/Bluenoise64/LDR_LLL1_10.png using Guid(afe1e502240079342a0a980484b6da8b) Importer(815301076,1909f56bfc062723c751e8b465ee728b)  -> (artifact id: '4200eebd57567888d2e08455f9012bc7') in 0.021781 seconds 
========================================================================
Received Import Request.
  Time since last request: 0.244871 seconds.
  path: Assets/DreamForestTree/PostProcessing/Resources/Bluenoise64/LDR_LLL1_12.png
  artifactKey: Guid(980acadb960f8424c94307ec0e585b4e) Importer(815301076,1909f56bfc062723c751e8b465ee728b)
Start importing Assets/DreamForestTree/PostProcessing/Resources/Bluenoise64/LDR_LLL1_12.png using Guid(980acadb960f8424c94307ec0e585b4e) Importer(815301076,1909f56bfc062723c751e8b465ee728b)  -> (artifact id: '93fdc53c213a3b8ff285f4f3ef7f2f5f') in 0.021818 seconds 
========================================================================
Received Import Request.
  Time since last request: 0.028558 seconds.
  path: Assets/DreamForestTree/PostProcessing/Resources/Bluenoise64/LDR_LLL1_14.png
  artifactKey: Guid(f6439b54b28f3884eb67579dec0b6f21) Importer(815301076,1909f56bfc062723c751e8b465ee728b)
Start importing Assets/DreamForestTree/PostProcessing/Resources/Bluenoise64/LDR_LLL1_14.png using Guid(f6439b54b28f3884eb67579dec0b6f21) Importer(815301076,1909f56bfc062723c751e8b465ee728b)  -> (artifact id: '1c210562daa1432bb016e186abdfce86') in 0.023088 seconds 
========================================================================
Received Import Request.
  Time since last request: 0.018450 seconds.
  path: Assets/DreamForestTree/PostProcessing/Resources/Bluenoise64/LDR_LLL1_18.png
  artifactKey: Guid(74aca53eb7273624baffc2bf5e5cc173) Importer(815301076,1909f56bfc062723c751e8b465ee728b)
Start importing Assets/DreamForestTree/PostProcessing/Resources/Bluenoise64/LDR_LLL1_18.png using Guid(74aca53eb7273624baffc2bf5e5cc173) Importer(815301076,1909f56bfc062723c751e8b465ee728b)  -> (artifact id: '2b1bb16f782a21d8feb0ca5f3ef96d9c') in 0.021269 seconds 
========================================================================
Received Import Request.
  Time since last request: 0.053278 seconds.
  path: Assets/DreamForestTree/PostProcessing/Resources/Bluenoise64/LDR_LLL1_20.png
  artifactKey: Guid(6dda07f1420a968449cf4c6620c44d9f) Importer(815301076,1909f56bfc062723c751e8b465ee728b)
Start importing Assets/DreamForestTree/PostProcessing/Resources/Bluenoise64/LDR_LLL1_20.png using Guid(6dda07f1420a968449cf4c6620c44d9f) Importer(815301076,1909f56bfc062723c751e8b465ee728b)  -> (artifact id: '853114195e8d088dbadc06826083bf27') in 0.024069 seconds 
========================================================================
Received Import Request.
  Time since last request: 2.445479 seconds.
  path: Assets/Playground Low Poly/Maps/Demo/Lightmap-3_comp_dir.png
  artifactKey: Guid(8e83864dcb2585b438d77c722520b9c5) Importer(815301076,1909f56bfc062723c751e8b465ee728b)
Start importing Assets/Playground Low Poly/Maps/Demo/Lightmap-3_comp_dir.png using Guid(8e83864dcb2585b438d77c722520b9c5) Importer(815301076,1909f56bfc062723c751e8b465ee728b)  -> (artifact id: '6a4db7c8a45a58633f8607b1b557d79a') in 0.038499 seconds 
========================================================================
Received Import Request.
  Time since last request: 0.569005 seconds.
  path: Assets/DreamForestTree/PostProcessing/Textures/Lens Dirt/LensDirt01.png
  artifactKey: Guid(3884f7a2d04ffe8409ad9200b275896f) Importer(815301076,1909f56bfc062723c751e8b465ee728b)
Start importing Assets/DreamForestTree/PostProcessing/Textures/Lens Dirt/LensDirt01.png using Guid(3884f7a2d04ffe8409ad9200b275896f) Importer(815301076,1909f56bfc062723c751e8b465ee728b)  -> (artifact id: 'd597bd91ec3f8d970e2d4176444e4221') in 0.036637 seconds 
========================================================================
Received Import Request.
  Time since last request: 4.840390 seconds.
  path: Assets/DreamForestTree/DemoScene/ReflectionProbe-0.exr
  artifactKey: Guid(969182f7db0071d46b5caf0ca47b7f58) Importer(815301076,1909f56bfc062723c751e8b465ee728b)
Start importing Assets/DreamForestTree/DemoScene/ReflectionProbe-0.exr using Guid(969182f7db0071d46b5caf0ca47b7f58) Importer(815301076,1909f56bfc062723c751e8b465ee728b)  -> (artifact id: '6384296579b3d80722e696935d0dd60f') in 0.058703 seconds 
========================================================================
Received Import Request.
  Time since last request: 0.407865 seconds.
  path: Assets/DreamForestTree/Textures/Ground/Rock Grs 2 N.psd
  artifactKey: Guid(9dde4df865d6a5246ba519fc75deee2c) Importer(815301076,1909f56bfc062723c751e8b465ee728b)
Start importing Assets/DreamForestTree/Textures/Ground/Rock Grs 2 N.psd using Guid(9dde4df865d6a5246ba519fc75deee2c) Importer(815301076,1909f56bfc062723c751e8b465ee728b)  -> (artifact id: '25acb2c0062c0266334d277ffdd5c31e') in 0.021071 seconds 
========================================================================
Received Import Request.
  Time since last request: 11.115509 seconds.
  path: Assets/DreamForestTree/Textures/Ground/NewBrush 2.brush
  artifactKey: Guid(53e544edf6e1c174f845a3e898a8da3a) Importer(815301076,1909f56bfc062723c751e8b465ee728b)
Start importing Assets/DreamForestTree/Textures/Ground/NewBrush 2.brush using Guid(53e544edf6e1c174f845a3e898a8da3a) Importer(815301076,1909f56bfc062723c751e8b465ee728b)  -> (artifact id: 'd2fbd5ea3e72b00224d9f0e1df6b698e') in 0.058466 seconds 
Editor requested this worker to shutdown with reason: Scaling down because of idle timeout
AssetImportWorker is now disconnected from the server
Process exiting
Exiting without the bug reporter. Application will terminate with return code 0