Using pre-set license
Built from '2021.3/staging' branch; Version is '2021.3.0f1 (6eacc8284459) revision 7253192'; Using compiler version '192829333'; Build Type 'Release'
OS: 'Windows 10  (10.0.19042) 64bit Core' Language: 'en' Physical Memory: 3787 MB
BatchMode: 1, IsHumanControllingUs: 0, StartBugReporterOnCrash: 0, Is64bit: 1, IsPro: 1

COMMAND LINE ARGUMENTS:
C:\Program Files\Unity\Hub\Editor\2021.3.0f1\Editor\Unity.exe
-adb2
-batchMode
-noUpm
-name
AssetImportWorker5
-projectPath
C:/Users/bensr/Documents/CS.PSY484_Group4_Project/UpdatedFinalProject2
-logFile
Logs/AssetImportWorker5.log
-srvPort
57557
Successfully changed project path to: C:/Users/bensr/Documents/CS.PSY484_Group4_Project/UpdatedFinalProject2
C:/Users/bensr/Documents/CS.PSY484_Group4_Project/UpdatedFinalProject2
[UnityMemory] Configuration Parameters - Can be set up in boot.config
    "memorysetup-bucket-allocator-granularity=16"
    "memorysetup-bucket-allocator-bucket-count=8"
    "memorysetup-bucket-allocator-block-size=33554432"
    "memorysetup-bucket-allocator-block-count=8"
    "memorysetup-main-allocator-block-size=16777216"
    "memorysetup-thread-allocator-block-size=16777216"
    "memorysetup-gfx-main-allocator-block-size=16777216"
    "memorysetup-gfx-thread-allocator-block-size=16777216"
    "memorysetup-cache-allocator-block-size=4194304"
    "memorysetup-typetree-allocator-block-size=2097152"
    "memorysetup-profiler-bucket-allocator-granularity=16"
    "memorysetup-profiler-bucket-allocator-bucket-count=8"
    "memorysetup-profiler-bucket-allocator-block-size=33554432"
    "memorysetup-profiler-bucket-allocator-block-count=8"
    "memorysetup-profiler-allocator-block-size=16777216"
    "memorysetup-profiler-editor-allocator-block-size=1048576"
    "memorysetup-temp-allocator-size-main=16777216"
    "memorysetup-job-temp-allocator-block-size=2097152"
    "memorysetup-job-temp-allocator-block-size-background=1048576"
    "memorysetup-job-temp-allocator-reduction-small-platforms=262144"
    "memorysetup-temp-allocator-size-background-worker=32768"
    "memorysetup-temp-allocator-size-job-worker=262144"
    "memorysetup-temp-allocator-size-preload-manager=33554432"
    "memorysetup-temp-allocator-size-nav-mesh-worker=65536"
    "memorysetup-temp-allocator-size-audio-worker=65536"
    "memorysetup-temp-allocator-size-cloud-worker=32768"
    "memorysetup-temp-allocator-size-gi-baking-worker=262144"
    "memorysetup-temp-allocator-size-gfx=262144"
Refreshing native plugins compatible for Editor in 381.97 ms, found 11 plugins.
Preloading 1 native plugins for Editor in 1.57 ms.
Initialize engine version: 2021.3.0f1 (6eacc8284459)
[Subsystems] Discovering subsystems at path C:/Program Files/Unity/Hub/Editor/2021.3.0f1/Editor/Data/Resources/UnitySubsystems
[Subsystems] Discovering subsystems at path C:/Users/bensr/Documents/CS.PSY484_Group4_Project/UpdatedFinalProject2/Assets
GfxDevice: creating device client; threaded=0; jobified=0
Direct3D:
    Version:  Direct3D 11.0 [level 11.1]
    Renderer: Intel(R) UHD Graphics (ID=0x9a78)
    Vendor:   Intel
    VRAM:     1893 MB
    Driver:   30.0.101.1404
Initialize mono
Mono path[0] = 'C:/Program Files/Unity/Hub/Editor/2021.3.0f1/Editor/Data/Managed'
Mono path[1] = 'C:/Program Files/Unity/Hub/Editor/2021.3.0f1/Editor/Data/MonoBleedingEdge/lib/mono/unityjit-win32'
Mono config path = 'C:/Program Files/Unity/Hub/Editor/2021.3.0f1/Editor/Data/MonoBleedingEdge/etc'
Using monoOptions --debugger-agent=transport=dt_socket,embedding=1,server=y,suspend=n,address=127.0.0.1:56688
Begin MonoManager ReloadAssembly
Registering precompiled unity dll's ...
Register platform support module: C:/Program Files/Unity/Hub/Editor/2021.3.0f1/Editor/Data/PlaybackEngines/AndroidPlayer/UnityEditor.Android.Extensions.dll
Register platform support module: C:/Program Files/Unity/Hub/Editor/2021.3.0f1/Editor/Data/PlaybackEngines/WindowsStandaloneSupport/UnityEditor.WindowsStandalone.Extensions.dll
Registered in 0.028892 seconds.
Native extension for WindowsStandalone target not found
Native extension for Android target not found
Refreshing native plugins compatible for Editor in 330.45 ms, found 11 plugins.
Preloading 1 native plugins for Editor in 1.31 ms.
Mono: successfully reloaded assembly
- Completed reload, in  3.641 seconds
Domain Reload Profiling:
	ReloadAssembly (3645ms)
		BeginReloadAssembly (287ms)
			ExecutionOrderSort (0ms)
			DisableScriptedObjects (0ms)
			BackupInstance (0ms)
			ReleaseScriptingObjects (0ms)
			CreateAndSetChildDomain (1ms)
		EndReloadAssembly (2471ms)
			LoadAssemblies (283ms)
			RebuildTransferFunctionScriptingTraits (74ms)
			SetupTypeCache (553ms)
			ReleaseScriptCaches (0ms)
			RebuildScriptCaches (133ms)
			SetupLoadedEditorAssemblies (1510ms)
				LogAssemblyErrors (0ms)
				InitializePlatformSupportModulesInManaged (276ms)
				SetLoadedEditorAssemblies (1ms)
				RefreshPlugins (332ms)
				BeforeProcessingInitializeOnLoad (3ms)
				ProcessInitializeOnLoadAttributes (580ms)
				ProcessInitializeOnLoadMethodAttributes (317ms)
				AfterProcessingInitializeOnLoad (0ms)
				EditorAssembliesLoaded (0ms)
			ExecutionOrderSort2 (0ms)
			AwakeInstancesAfterBackupRestoration (0ms)
Platform modules already initialized, skipping
Registering precompiled user dll's ...
Registered in 0.034412 seconds.
Begin MonoManager ReloadAssembly
Symbol file LoadedFromMemory doesn't match image C:\Users\bensr\Documents\CS.PSY484_Group4_Project\UpdatedFinalProject2\Library\PackageCache\com.unity.visualscripting@1.7.6\Editor\VisualScripting.Core\Dependencies\DotNetZip\Unity.VisualScripting.IonicZip.dll
Symbol file LoadedFromMemory doesn't match image C:\Users\bensr\Documents\CS.PSY484_Group4_Project\UpdatedFinalProject2\Library\PackageCache\com.unity.visualscripting@1.7.6\Editor\VisualScripting.Core\Dependencies\YamlDotNet\Unity.VisualScripting.YamlDotNet.dll
Symbol file LoadedFromMemory is not a mono symbol file
Native extension for WindowsStandalone target not found
Native extension for Android target not found
Refreshing native plugins compatible for Editor in 1077.66 ms, found 11 plugins.
Preloading 1 native plugins for Editor in 4.54 ms.
Package Manager log level set to [2]
System.Reflection.TargetInvocationException: Exception has been thrown by the target of an invocation. ---> System.NullReferenceException: Object reference not set to an instance of an object
  at Unity.XR.Oculus.OculusLoader.AssetPathToAbsolutePath (System.String assetPath) [0x0003d] in C:\Users\bensr\Documents\CS.PSY484_Group4_Project\UpdatedFinalProject2\Library\PackageCache\com.unity.xr.oculus@3.0.0\Runtime\OculusLoader.cs:257 
  at Unity.XR.Oculus.OculusLoader.EditorLoadOVRPlugin () [0x0007b] in C:\Users\bensr\Documents\CS.PSY484_Group4_Project\UpdatedFinalProject2\Library\PackageCache\com.unity.xr.oculus@3.0.0\Runtime\OculusLoader.cs:242 
  at (wrapper managed-to-native) System.Reflection.RuntimeMethodInfo.InternalInvoke(System.Reflection.RuntimeMethodInfo,object,object[],System.Exception&)
  at System.Reflection.RuntimeMethodInfo.Invoke (System.Object obj, System.Reflection.BindingFlags invokeAttr, System.Reflection.Binder binder, System.Object[] parameters, System.Globalization.CultureInfo culture) [0x0006a] in <6073cf49ed704e958b8a66d540dea948>:0 
   --- End of inner exception stack trace ---
  at System.Reflection.RuntimeMethodInfo.Invoke (System.Object obj, System.Reflection.BindingFlags invokeAttr, System.Reflection.Binder binder, System.Object[] parameters, System.Globalization.CultureInfo culture) [0x00083] in <6073cf49ed704e958b8a66d540dea948>:0 
  at System.Reflection.MethodBase.Invoke (System.Object obj, System.Object[] parameters) [0x00000] in <6073cf49ed704e958b8a66d540dea948>:0 
  at UnityEditor.EditorAssemblies.ProcessInitializeOnLoadMethodAttributes () [0x000a5] in <780782bc035845f9909cebbd4c983ae3>:0 
UnityEngine.StackTraceUtility:ExtractStackTrace ()
UnityEngine.DebugLogHandler:LogFormat (UnityEngine.LogType,UnityEngine.Object,string,object[])
UnityEngine.Logger:Log (UnityEngine.LogType,object)
UnityEngine.Debug:LogError (object)
UnityEditor.EditorAssemblies:ProcessInitializeOnLoadMethodAttributes ()

Mono: successfully reloaded assembly
- Completed reload, in  9.334 seconds
Domain Reload Profiling:
	ReloadAssembly (9339ms)
		BeginReloadAssembly (801ms)
			ExecutionOrderSort (0ms)
			DisableScriptedObjects (29ms)
			BackupInstance (0ms)
			ReleaseScriptingObjects (7ms)
			CreateAndSetChildDomain (207ms)
		EndReloadAssembly (8091ms)
			LoadAssemblies (818ms)
			RebuildTransferFunctionScriptingTraits (1ms)
			SetupTypeCache (2960ms)
			ReleaseScriptCaches (7ms)
			RebuildScriptCaches (236ms)
			SetupLoadedEditorAssemblies (3151ms)
				LogAssemblyErrors (0ms)
				InitializePlatformSupportModulesInManaged (41ms)
				SetLoadedEditorAssemblies (0ms)
				RefreshPlugins (1083ms)
				BeforeProcessingInitializeOnLoad (430ms)
				ProcessInitializeOnLoadAttributes (1381ms)
				ProcessInitializeOnLoadMethodAttributes (193ms)
				AfterProcessingInitializeOnLoad (23ms)
				EditorAssembliesLoaded (0ms)
			ExecutionOrderSort2 (0ms)
			AwakeInstancesAfterBackupRestoration (13ms)
Platform modules already initialized, skipping
========================================================================
Worker process is ready to serve import requests
Launched and connected shader compiler UnityShaderCompiler.exe after 4.65 seconds
Refreshing native plugins compatible for Editor in 10.96 ms, found 11 plugins.
Preloading 1 native plugins for Editor in 2.95 ms.
Unloading 4024 Unused Serialized files (Serialized files now loaded: 0)
Unloading 49 unused Assets / (398.9 KB). Loaded Objects now: 4496.
Memory consumption went from 167.4 MB to 167.0 MB.
Total: 163.074400 ms (FindLiveObjects: 6.758000 ms CreateObjectMapping: 0.351800 ms MarkObjects: 147.456900 ms  DeleteObjects: 8.500000 ms)

AssetImportParameters requested are different than current active one (requested -> active):
  custom:video-decoder-ogg-theora: a1e56fd34408186e4bbccfd4996cb3dc -> 
  custom:container-muxer-webm: aa71ff27fc2769a1b78a27578f13a17b -> 
  custom:container-demuxer-webm: 4f35f7cbe854078d1ac9338744f61a02 -> 
  custom:video-encoder-webm-vp8: eb34c28f22e8b96e1ab97ce403110664 -> 
  custom:audio-encoder-webm-vorbis: bf7c407c2cedff20999df2af8eb42d56 -> 
  custom:framework-win-MediaFoundation: 216162199b28c13a410421893ffa2e32 -> 
  custom:container-demuxer-ogg: 62fdf1f143b41e24485cea50d1cbac27 -> 
  custom:video-decoder-webm-vp8: 9c59270c3fd7afecdb556c50c9e8de78 -> 
  custom:audio-decoder-ogg-vorbis: bf7c407c2cedff20999df2af8eb42d56 -> 
========================================================================
Received Import Request.
  Time since last request: 595713.858630 seconds.
  path: Assets/Playground Low Poly/Prefabs/SM_Chair_01.prefab
  artifactKey: Guid(500925a97305aff4a8bc1171f7643ff4) Importer(815301076,1909f56bfc062723c751e8b465ee728b)
Start importing Assets/Playground Low Poly/Prefabs/SM_Chair_01.prefab using Guid(500925a97305aff4a8bc1171f7643ff4) Importer(815301076,1909f56bfc062723c751e8b465ee728b)  -> (artifact id: 'e7a7dbe56156b4216dc6708c1e8f7a9d') in 5.519788 seconds 
========================================================================
Received Import Request.
  Time since last request: 0.000034 seconds.
  path: Assets/Playground Low Poly/Prefabs/SM_Flowers_03.prefab
  artifactKey: Guid(b2f9830beaa7bc64a93b9cec2e7a3916) Importer(815301076,1909f56bfc062723c751e8b465ee728b)
Start importing Assets/Playground Low Poly/Prefabs/SM_Flowers_03.prefab using Guid(b2f9830beaa7bc64a93b9cec2e7a3916) Importer(815301076,1909f56bfc062723c751e8b465ee728b)  -> (artifact id: '7ebb8f830f5d60c7840a4fdb32ac6089') in 0.164736 seconds 
========================================================================
Received Import Request.
  Time since last request: 0.000056 seconds.
  path: Assets/Playground Low Poly/Prefabs/SM_Lamp_01.prefab
  artifactKey: Guid(308803aad978b3c48a7a7174dc84ef86) Importer(815301076,1909f56bfc062723c751e8b465ee728b)
Start importing Assets/Playground Low Poly/Prefabs/SM_Lamp_01.prefab using Guid(308803aad978b3c48a7a7174dc84ef86) Importer(815301076,1909f56bfc062723c751e8b465ee728b)  -> (artifact id: '2e20ac2f83f67c3361948c8ccb3ac137') in 0.236866 seconds 
========================================================================
Received Import Request.
  Time since last request: 0.000182 seconds.
  path: Assets/Playground Low Poly/Prefabs/SM_Game_Stairs_01.prefab
  artifactKey: Guid(3b50afe5616a95e4d8fcb29f08b823fa) Importer(815301076,1909f56bfc062723c751e8b465ee728b)
Start importing Assets/Playground Low Poly/Prefabs/SM_Game_Stairs_01.prefab using Guid(3b50afe5616a95e4d8fcb29f08b823fa) Importer(815301076,1909f56bfc062723c751e8b465ee728b)  -> (artifact id: 'e96b4dba480872860ba54f31567b626c') in 0.173429 seconds 
========================================================================
Received Import Request.
  Time since last request: 0.000086 seconds.
  path: Assets/Playground Low Poly/Prefabs/SM_Box_Ground_01.prefab
  artifactKey: Guid(a6127c022565ea946804415a1af07b12) Importer(815301076,1909f56bfc062723c751e8b465ee728b)
Start importing Assets/Playground Low Poly/Prefabs/SM_Box_Ground_01.prefab using Guid(a6127c022565ea946804415a1af07b12) Importer(815301076,1909f56bfc062723c751e8b465ee728b)  -> (artifact id: '3702608376d154b222878b9c3d70016a') in 0.186359 seconds 
========================================================================
Received Import Request.
  Time since last request: 0.000048 seconds.
  path: Assets/Playground Low Poly/Prefabs/SM_Playground_01.prefab
  artifactKey: Guid(372d31140fa703a4dbfe7f1f34bd4a98) Importer(815301076,1909f56bfc062723c751e8b465ee728b)
Start importing Assets/Playground Low Poly/Prefabs/SM_Playground_01.prefab using Guid(372d31140fa703a4dbfe7f1f34bd4a98) Importer(815301076,1909f56bfc062723c751e8b465ee728b)  -> (artifact id: '98e23866937a00508bf09a3a10ee7173') in 0.133840 seconds 
========================================================================
Received Import Request.
  Time since last request: 0.000044 seconds.
  path: Assets/Playground Low Poly/Prefabs/SM_Game_Piramid_01.prefab
  artifactKey: Guid(a44cccc20f3187546becc81725456fb2) Importer(815301076,1909f56bfc062723c751e8b465ee728b)
Start importing Assets/Playground Low Poly/Prefabs/SM_Game_Piramid_01.prefab using Guid(a44cccc20f3187546becc81725456fb2) Importer(815301076,1909f56bfc062723c751e8b465ee728b)  -> (artifact id: '8c9d7c5b703de4d8978ccb6674db6503') in 0.721613 seconds 
========================================================================
Received Import Request.
  Time since last request: 368.409657 seconds.
  path: Assets/Playground Low Poly/Materials/T_Generic_colors.mat
  artifactKey: Guid(d26653261fd014a4388956425a2f459e) Importer(815301076,1909f56bfc062723c751e8b465ee728b)
Start importing Assets/Playground Low Poly/Materials/T_Generic_colors.mat using Guid(d26653261fd014a4388956425a2f459e) Importer(815301076,1909f56bfc062723c751e8b465ee728b)  -> (artifact id: '22b42a7a49666a0537782e39d20776c4') in 0.801415 seconds 
========================================================================
Received Import Request.
  Time since last request: 8.675385 seconds.
  path: Assets/Playground Low Poly/Materials/M_Ground.mat
  artifactKey: Guid(66c7dbe36cfd0b9429efe251cec3b33d) Importer(815301076,1909f56bfc062723c751e8b465ee728b)
Start importing Assets/Playground Low Poly/Materials/M_Ground.mat using Guid(66c7dbe36cfd0b9429efe251cec3b33d) Importer(815301076,1909f56bfc062723c751e8b465ee728b)  -> (artifact id: 'ccfbfb2011fc2eca02e82caa8ebd300a') in 0.074818 seconds 
========================================================================
Received Import Request.
  Time since last request: 36.321028 seconds.
  path: Assets/Playground Low Poly/Prefabs/SM_Railings_01.prefab
  artifactKey: Guid(19cf7c2c56fd68545a31c378b59a6b92) Importer(815301076,1909f56bfc062723c751e8b465ee728b)
Start importing Assets/Playground Low Poly/Prefabs/SM_Railings_01.prefab using Guid(19cf7c2c56fd68545a31c378b59a6b92) Importer(815301076,1909f56bfc062723c751e8b465ee728b)  -> (artifact id: '6e889ee9a195811a521bb900615bfe72') in 0.150044 seconds 
========================================================================
Received Import Request.
  Time since last request: 0.000065 seconds.
  path: Assets/Playground Low Poly/Prefabs/SM_Sandbox_03.prefab
  artifactKey: Guid(f0badc85adb9b744ea1894728e94ef2f) Importer(815301076,1909f56bfc062723c751e8b465ee728b)
Start importing Assets/Playground Low Poly/Prefabs/SM_Sandbox_03.prefab using Guid(f0badc85adb9b744ea1894728e94ef2f) Importer(815301076,1909f56bfc062723c751e8b465ee728b)  -> (artifact id: 'd43ef679e9824069e8d000fe45934626') in 0.095187 seconds 
========================================================================
Received Import Request.
  Time since last request: 0.000042 seconds.
  path: Assets/Playground Low Poly/Prefabs/SM_Stone_02.prefab
  artifactKey: Guid(9e065b028a5d26a43b4157d88572f54d) Importer(815301076,1909f56bfc062723c751e8b465ee728b)
Start importing Assets/Playground Low Poly/Prefabs/SM_Stone_02.prefab using Guid(9e065b028a5d26a43b4157d88572f54d) Importer(815301076,1909f56bfc062723c751e8b465ee728b)  -> (artifact id: '382c660b148d2b5cd265cc50c30efd7e') in 0.086338 seconds 
========================================================================
Received Import Request.
  Time since last request: 0.000074 seconds.
  path: Assets/Playground Low Poly/Prefabs/SM_Toy_01.prefab
  artifactKey: Guid(7db570eaa30856d4990fda8502c9ce04) Importer(815301076,1909f56bfc062723c751e8b465ee728b)
Start importing Assets/Playground Low Poly/Prefabs/SM_Toy_01.prefab using Guid(7db570eaa30856d4990fda8502c9ce04) Importer(815301076,1909f56bfc062723c751e8b465ee728b)  -> (artifact id: '52deb708334f2ad83ebc6ddddd9aeeff') in 0.062334 seconds 
========================================================================
Received Import Request.
  Time since last request: 0.000051 seconds.
  path: Assets/Playground Low Poly/Prefabs/SM_Swings_04.prefab
  artifactKey: Guid(76127311a732f7f4683e127ce2d794b5) Importer(815301076,1909f56bfc062723c751e8b465ee728b)
Start importing Assets/Playground Low Poly/Prefabs/SM_Swings_04.prefab using Guid(76127311a732f7f4683e127ce2d794b5) Importer(815301076,1909f56bfc062723c751e8b465ee728b)  -> (artifact id: 'c393236521ff2c7ce5add7660bdfd72e') in 0.098951 seconds 
========================================================================
Received Import Request.
  Time since last request: 0.000044 seconds.
  path: Assets/Playground Low Poly/Prefabs/SM_Trash_01.prefab
  artifactKey: Guid(df5f74d542da77f46b448ff86a251662) Importer(815301076,1909f56bfc062723c751e8b465ee728b)
Start importing Assets/Playground Low Poly/Prefabs/SM_Trash_01.prefab using Guid(df5f74d542da77f46b448ff86a251662) Importer(815301076,1909f56bfc062723c751e8b465ee728b)  -> (artifact id: 'eee8d6599d56898c7f5f431ad80c9da7') in 0.122965 seconds 
========================================================================
Received Import Request.
  Time since last request: 0.000073 seconds.
  path: Assets/Playground Low Poly/Prefabs/SM_Trash_02.prefab
  artifactKey: Guid(ee4a7f34f5261724c901112cd4fb5846) Importer(815301076,1909f56bfc062723c751e8b465ee728b)
Start importing Assets/Playground Low Poly/Prefabs/SM_Trash_02.prefab using Guid(ee4a7f34f5261724c901112cd4fb5846) Importer(815301076,1909f56bfc062723c751e8b465ee728b)  -> (artifact id: '684cf1e68d9d4a35680c7e7eaee4e830') in 0.198969 seconds 
========================================================================
Received Import Request.
  Time since last request: 0.000057 seconds.
  path: Assets/Playground Low Poly/Prefabs/SM_Toy_05.prefab
  artifactKey: Guid(0841527e7a56414448c3a4f010c3e1fe) Importer(815301076,1909f56bfc062723c751e8b465ee728b)
Start importing Assets/Playground Low Poly/Prefabs/SM_Toy_05.prefab using Guid(0841527e7a56414448c3a4f010c3e1fe) Importer(815301076,1909f56bfc062723c751e8b465ee728b)  -> (artifact id: 'fad12a487d1b6111fccf89608a29fdd6') in 0.070540 seconds 
========================================================================
Received Import Request.
  Time since last request: 0.000048 seconds.
  path: Assets/Playground Low Poly/Prefabs/SM_Swings_03.prefab
  artifactKey: Guid(16d4c257c40500540bf530cf3ca1ae27) Importer(815301076,1909f56bfc062723c751e8b465ee728b)
Start importing Assets/Playground Low Poly/Prefabs/SM_Swings_03.prefab using Guid(16d4c257c40500540bf530cf3ca1ae27) Importer(815301076,1909f56bfc062723c751e8b465ee728b)  -> (artifact id: '7858e0b268b86f2c0fba8078d6ba84fe') in 0.088050 seconds 
========================================================================
Received Import Request.
  Time since last request: 0.000055 seconds.
  path: Assets/Playground Low Poly/Prefabs/SM_Trash_03.prefab
  artifactKey: Guid(689939cca3be1eb42bb030f4013c62e3) Importer(815301076,1909f56bfc062723c751e8b465ee728b)
Start importing Assets/Playground Low Poly/Prefabs/SM_Trash_03.prefab using Guid(689939cca3be1eb42bb030f4013c62e3) Importer(815301076,1909f56bfc062723c751e8b465ee728b)  -> (artifact id: 'cb1abccdc806283dd1c352afd010b978') in 0.102860 seconds 
========================================================================
Received Import Request.
  Time since last request: 0.000053 seconds.
  path: Assets/Playground Low Poly/Prefabs/SM_Tree_01.prefab
  artifactKey: Guid(6a3bea1dd0263bf43861bde07f3af72f) Importer(815301076,1909f56bfc062723c751e8b465ee728b)
Start importing Assets/Playground Low Poly/Prefabs/SM_Tree_01.prefab using Guid(6a3bea1dd0263bf43861bde07f3af72f) Importer(815301076,1909f56bfc062723c751e8b465ee728b)  -> (artifact id: '5801001c07c0f7a7f164d474c83733fe') in 0.065910 seconds 
========================================================================
Received Import Request.
  Time since last request: 0.000041 seconds.
  path: Assets/Playground Low Poly/Prefabs/SM_Swings_02.prefab
  artifactKey: Guid(44239bcf89012c540843eb92d48b4351) Importer(815301076,1909f56bfc062723c751e8b465ee728b)
Start importing Assets/Playground Low Poly/Prefabs/SM_Swings_02.prefab using Guid(44239bcf89012c540843eb92d48b4351) Importer(815301076,1909f56bfc062723c751e8b465ee728b)  -> (artifact id: 'c556a1404ca721fa48d321d036f483cc') in 0.088881 seconds 
========================================================================
Received Import Request.
  Time since last request: 0.000037 seconds.
  path: Assets/Playground Low Poly/Prefabs/SM_Sandbox_02.prefab
  artifactKey: Guid(ee3d910545b206946a646dfdbb9b8c71) Importer(815301076,1909f56bfc062723c751e8b465ee728b)
Start importing Assets/Playground Low Poly/Prefabs/SM_Sandbox_02.prefab using Guid(ee3d910545b206946a646dfdbb9b8c71) Importer(815301076,1909f56bfc062723c751e8b465ee728b)  -> (artifact id: '9cb668c90e5f5f667afc9ae467beb9d7') in 0.120060 seconds 
========================================================================
Received Import Request.
  Time since last request: 0.000043 seconds.
  path: Assets/Playground Low Poly/Prefabs/SM_Stand_02.prefab
  artifactKey: Guid(4de75b156eca74e4cb387cb66d846bca) Importer(815301076,1909f56bfc062723c751e8b465ee728b)
Start importing Assets/Playground Low Poly/Prefabs/SM_Stand_02.prefab using Guid(4de75b156eca74e4cb387cb66d846bca) Importer(815301076,1909f56bfc062723c751e8b465ee728b)  -> (artifact id: '9e1c7b53c8e763e2ffcad4763306aa67') in 0.106395 seconds 
========================================================================
Received Import Request.
  Time since last request: 0.000304 seconds.
  path: Assets/Playground Low Poly/Prefabs/SM_Toy_03.prefab
  artifactKey: Guid(5557004b13d0f4644bff0b6278ea475b) Importer(815301076,1909f56bfc062723c751e8b465ee728b)
Start importing Assets/Playground Low Poly/Prefabs/SM_Toy_03.prefab using Guid(5557004b13d0f4644bff0b6278ea475b) Importer(815301076,1909f56bfc062723c751e8b465ee728b)  -> (artifact id: '8b6cf1aa394a2a6ab0f17118cc44cb61') in 0.487756 seconds 
========================================================================
Received Import Request.
  Time since last request: 0.000069 seconds.
  path: Assets/Playground Low Poly/Prefabs/SM_Tube_01.prefab
  artifactKey: Guid(918a8146c8dd2c749bc63349d9ca7c46) Importer(815301076,1909f56bfc062723c751e8b465ee728b)
Start importing Assets/Playground Low Poly/Prefabs/SM_Tube_01.prefab using Guid(918a8146c8dd2c749bc63349d9ca7c46) Importer(815301076,1909f56bfc062723c751e8b465ee728b)  -> (artifact id: '6b91476a81a1dc174d193530fd2973e9') in 0.367193 seconds 
========================================================================
Received Import Request.
  Time since last request: 0.000100 seconds.
  path: Assets/Playground Low Poly/Prefabs/SM_Table_02.prefab
  artifactKey: Guid(12052b0eb059abf42a1c6ce6208507dc) Importer(815301076,1909f56bfc062723c751e8b465ee728b)
Start importing Assets/Playground Low Poly/Prefabs/SM_Table_02.prefab using Guid(12052b0eb059abf42a1c6ce6208507dc) Importer(815301076,1909f56bfc062723c751e8b465ee728b)  -> (artifact id: '337718ff9d85c109a704a0ac7d220168') in 0.124371 seconds 
========================================================================
Received Import Request.
  Time since last request: 0.000061 seconds.
  path: Assets/Playground Low Poly/Prefabs/SM_Toy_08.prefab
  artifactKey: Guid(a9ec45772d935864bbb59e8f4d2feab7) Importer(815301076,1909f56bfc062723c751e8b465ee728b)
Start importing Assets/Playground Low Poly/Prefabs/SM_Toy_08.prefab using Guid(a9ec45772d935864bbb59e8f4d2feab7) Importer(815301076,1909f56bfc062723c751e8b465ee728b)  -> (artifact id: '58b2b17c33b206ec5c63261ba3587bd6') in 0.094841 seconds 
========================================================================
Received Import Request.
  Time since last request: 0.000057 seconds.
  path: Assets/Playground Low Poly/Prefabs/SM_Railings_Angle_01.prefab
  artifactKey: Guid(6ed24e37d2b36dc45977bf6b83f69595) Importer(815301076,1909f56bfc062723c751e8b465ee728b)
Start importing Assets/Playground Low Poly/Prefabs/SM_Railings_Angle_01.prefab using Guid(6ed24e37d2b36dc45977bf6b83f69595) Importer(815301076,1909f56bfc062723c751e8b465ee728b)  -> (artifact id: 'c5e0e3b7af22ce2e47fdc8f2f3276311') in 0.093273 seconds 
========================================================================
Received Import Request.
  Time since last request: 0.000078 seconds.
  path: Assets/Playground Low Poly/Prefabs/SM_Toy_02.prefab
  artifactKey: Guid(d76604d888e1f2e4a9ea00687d223934) Importer(815301076,1909f56bfc062723c751e8b465ee728b)
Start importing Assets/Playground Low Poly/Prefabs/SM_Toy_02.prefab using Guid(d76604d888e1f2e4a9ea00687d223934) Importer(815301076,1909f56bfc062723c751e8b465ee728b)  -> (artifact id: '9bd8073417d9bd5fb986fd6de706076f') in 0.170083 seconds 
========================================================================
Received Import Request.
  Time since last request: 0.000045 seconds.
  path: Assets/Playground Low Poly/Prefabs/SM_Stone_01.prefab
  artifactKey: Guid(fe8749275d701b4418ca6a811ea83976) Importer(815301076,1909f56bfc062723c751e8b465ee728b)
Start importing Assets/Playground Low Poly/Prefabs/SM_Stone_01.prefab using Guid(fe8749275d701b4418ca6a811ea83976) Importer(815301076,1909f56bfc062723c751e8b465ee728b)  -> (artifact id: '890d4c1b91c2c727cef567682630cf3c') in 0.060772 seconds 
