Using pre-set license
Built from '2021.3/staging' branch; Version is '2021.3.0f1 (6eacc8284459) revision 7253192'; Using compiler version '192829333'; Build Type 'Release'
OS: 'Windows 10  (10.0.19042) 64bit Core' Language: 'en' Physical Memory: 3787 MB
BatchMode: 1, IsHumanControllingUs: 0, StartBugReporterOnCrash: 0, Is64bit: 1, IsPro: 1

COMMAND LINE ARGUMENTS:
C:\Program Files\Unity\Hub\Editor\2021.3.0f1\Editor\Unity.exe
-adb2
-batchMode
-noUpm
-name
AssetImportWorker2
-projectPath
C:/Users/bensr/Documents/CS.PSY484_Group4_Project/UpdatedFinalProject2
-logFile
Logs/AssetImportWorker2.log
-srvPort
56178
Successfully changed project path to: C:/Users/bensr/Documents/CS.PSY484_Group4_Project/UpdatedFinalProject2
C:/Users/bensr/Documents/CS.PSY484_Group4_Project/UpdatedFinalProject2
[UnityMemory] Configuration Parameters - Can be set up in boot.config
    "memorysetup-bucket-allocator-granularity=16"
    "memorysetup-bucket-allocator-bucket-count=8"
    "memorysetup-bucket-allocator-block-size=33554432"
    "memorysetup-bucket-allocator-block-count=8"
    "memorysetup-main-allocator-block-size=16777216"
    "memorysetup-thread-allocator-block-size=16777216"
    "memorysetup-gfx-main-allocator-block-size=16777216"
    "memorysetup-gfx-thread-allocator-block-size=16777216"
    "memorysetup-cache-allocator-block-size=4194304"
    "memorysetup-typetree-allocator-block-size=2097152"
    "memorysetup-profiler-bucket-allocator-granularity=16"
    "memorysetup-profiler-bucket-allocator-bucket-count=8"
    "memorysetup-profiler-bucket-allocator-block-size=33554432"
    "memorysetup-profiler-bucket-allocator-block-count=8"
    "memorysetup-profiler-allocator-block-size=16777216"
    "memorysetup-profiler-editor-allocator-block-size=1048576"
    "memorysetup-temp-allocator-size-main=16777216"
    "memorysetup-job-temp-allocator-block-size=2097152"
    "memorysetup-job-temp-allocator-block-size-background=1048576"
    "memorysetup-job-temp-allocator-reduction-small-platforms=262144"
    "memorysetup-temp-allocator-size-background-worker=32768"
    "memorysetup-temp-allocator-size-job-worker=262144"
    "memorysetup-temp-allocator-size-preload-manager=33554432"
    "memorysetup-temp-allocator-size-nav-mesh-worker=65536"
    "memorysetup-temp-allocator-size-audio-worker=65536"
    "memorysetup-temp-allocator-size-cloud-worker=32768"
    "memorysetup-temp-allocator-size-gi-baking-worker=262144"
    "memorysetup-temp-allocator-size-gfx=262144"
Refreshing native plugins compatible for Editor in 521.26 ms, found 11 plugins.
Preloading 1 native plugins for Editor in 2.14 ms.
Initialize engine version: 2021.3.0f1 (6eacc8284459)
[Subsystems] Discovering subsystems at path C:/Program Files/Unity/Hub/Editor/2021.3.0f1/Editor/Data/Resources/UnitySubsystems
[Subsystems] Discovering subsystems at path C:/Users/bensr/Documents/CS.PSY484_Group4_Project/UpdatedFinalProject2/Assets
GfxDevice: creating device client; threaded=0; jobified=0
Direct3D:
    Version:  Direct3D 11.0 [level 11.1]
    Renderer: Intel(R) UHD Graphics (ID=0x9a78)
    Vendor:   Intel
    VRAM:     1893 MB
    Driver:   30.0.101.1404
Initialize mono
Mono path[0] = 'C:/Program Files/Unity/Hub/Editor/2021.3.0f1/Editor/Data/Managed'
Mono path[1] = 'C:/Program Files/Unity/Hub/Editor/2021.3.0f1/Editor/Data/MonoBleedingEdge/lib/mono/unityjit-win32'
Mono config path = 'C:/Program Files/Unity/Hub/Editor/2021.3.0f1/Editor/Data/MonoBleedingEdge/etc'
Using monoOptions --debugger-agent=transport=dt_socket,embedding=1,server=y,suspend=n,address=127.0.0.1:56748
Begin MonoManager ReloadAssembly
Registering precompiled unity dll's ...
Register platform support module: C:/Program Files/Unity/Hub/Editor/2021.3.0f1/Editor/Data/PlaybackEngines/AndroidPlayer/UnityEditor.Android.Extensions.dll
Register platform support module: C:/Program Files/Unity/Hub/Editor/2021.3.0f1/Editor/Data/PlaybackEngines/WindowsStandaloneSupport/UnityEditor.WindowsStandalone.Extensions.dll
Registered in 0.042421 seconds.
Native extension for WindowsStandalone target not found
Native extension for Android target not found
Refreshing native plugins compatible for Editor in 561.17 ms, found 11 plugins.
Preloading 1 native plugins for Editor in 0.18 ms.
Mono: successfully reloaded assembly
- Completed reload, in  4.087 seconds
Domain Reload Profiling:
	ReloadAssembly (4090ms)
		BeginReloadAssembly (290ms)
			ExecutionOrderSort (0ms)
			DisableScriptedObjects (0ms)
			BackupInstance (0ms)
			ReleaseScriptingObjects (0ms)
			CreateAndSetChildDomain (4ms)
		EndReloadAssembly (2855ms)
			LoadAssemblies (284ms)
			RebuildTransferFunctionScriptingTraits (8ms)
			SetupTypeCache (520ms)
			ReleaseScriptCaches (0ms)
			RebuildScriptCaches (91ms)
			SetupLoadedEditorAssemblies (1967ms)
				LogAssemblyErrors (0ms)
				InitializePlatformSupportModulesInManaged (360ms)
				SetLoadedEditorAssemblies (0ms)
				RefreshPlugins (562ms)
				BeforeProcessingInitializeOnLoad (12ms)
				ProcessInitializeOnLoadAttributes (769ms)
				ProcessInitializeOnLoadMethodAttributes (263ms)
				AfterProcessingInitializeOnLoad (0ms)
				EditorAssembliesLoaded (1ms)
			ExecutionOrderSort2 (0ms)
			AwakeInstancesAfterBackupRestoration (0ms)
Platform modules already initialized, skipping
Registering precompiled user dll's ...
Registered in 0.040175 seconds.
Begin MonoManager ReloadAssembly
Symbol file LoadedFromMemory doesn't match image C:\Users\bensr\Documents\CS.PSY484_Group4_Project\UpdatedFinalProject2\Library\PackageCache\com.unity.visualscripting@1.7.6\Editor\VisualScripting.Core\Dependencies\DotNetZip\Unity.VisualScripting.IonicZip.dll
Symbol file LoadedFromMemory doesn't match image C:\Users\bensr\Documents\CS.PSY484_Group4_Project\UpdatedFinalProject2\Library\PackageCache\com.unity.visualscripting@1.7.6\Editor\VisualScripting.Core\Dependencies\YamlDotNet\Unity.VisualScripting.YamlDotNet.dll
Symbol file LoadedFromMemory is not a mono symbol file
Native extension for WindowsStandalone target not found
Native extension for Android target not found
Refreshing native plugins compatible for Editor in 405.60 ms, found 11 plugins.
Preloading 1 native plugins for Editor in 2.90 ms.
Package Manager log level set to [2]
System.Reflection.TargetInvocationException: Exception has been thrown by the target of an invocation. ---> System.NullReferenceException: Object reference not set to an instance of an object
  at Unity.XR.Oculus.OculusLoader.AssetPathToAbsolutePath (System.String assetPath) [0x0003d] in C:\Users\bensr\Documents\CS.PSY484_Group4_Project\UpdatedFinalProject2\Library\PackageCache\com.unity.xr.oculus@3.0.0\Runtime\OculusLoader.cs:257 
  at Unity.XR.Oculus.OculusLoader.EditorLoadOVRPlugin () [0x0007b] in C:\Users\bensr\Documents\CS.PSY484_Group4_Project\UpdatedFinalProject2\Library\PackageCache\com.unity.xr.oculus@3.0.0\Runtime\OculusLoader.cs:242 
  at (wrapper managed-to-native) System.Reflection.RuntimeMethodInfo.InternalInvoke(System.Reflection.RuntimeMethodInfo,object,object[],System.Exception&)
  at System.Reflection.RuntimeMethodInfo.Invoke (System.Object obj, System.Reflection.BindingFlags invokeAttr, System.Reflection.Binder binder, System.Object[] parameters, System.Globalization.CultureInfo culture) [0x0006a] in <6073cf49ed704e958b8a66d540dea948>:0 
   --- End of inner exception stack trace ---
  at System.Reflection.RuntimeMethodInfo.Invoke (System.Object obj, System.Reflection.BindingFlags invokeAttr, System.Reflection.Binder binder, System.Object[] parameters, System.Globalization.CultureInfo culture) [0x00083] in <6073cf49ed704e958b8a66d540dea948>:0 
  at System.Reflection.MethodBase.Invoke (System.Object obj, System.Object[] parameters) [0x00000] in <6073cf49ed704e958b8a66d540dea948>:0 
  at UnityEditor.EditorAssemblies.ProcessInitializeOnLoadMethodAttributes () [0x000a5] in <780782bc035845f9909cebbd4c983ae3>:0 
UnityEngine.StackTraceUtility:ExtractStackTrace ()
UnityEngine.DebugLogHandler:LogFormat (UnityEngine.LogType,UnityEngine.Object,string,object[])
UnityEngine.Logger:Log (UnityEngine.LogType,object)
UnityEngine.Debug:LogError (object)
UnityEditor.EditorAssemblies:ProcessInitializeOnLoadMethodAttributes ()

Mono: successfully reloaded assembly
- Completed reload, in  6.801 seconds
Domain Reload Profiling:
	ReloadAssembly (6810ms)
		BeginReloadAssembly (1016ms)
			ExecutionOrderSort (0ms)
			DisableScriptedObjects (20ms)
			BackupInstance (0ms)
			ReleaseScriptingObjects (4ms)
			CreateAndSetChildDomain (287ms)
		EndReloadAssembly (5363ms)
			LoadAssemblies (898ms)
			RebuildTransferFunctionScriptingTraits (9ms)
			SetupTypeCache (1883ms)
			ReleaseScriptCaches (169ms)
			RebuildScriptCaches (276ms)
			SetupLoadedEditorAssemblies (2169ms)
				LogAssemblyErrors (0ms)
				InitializePlatformSupportModulesInManaged (78ms)
				SetLoadedEditorAssemblies (0ms)
				RefreshPlugins (409ms)
				BeforeProcessingInitializeOnLoad (345ms)
				ProcessInitializeOnLoadAttributes (1152ms)
				ProcessInitializeOnLoadMethodAttributes (165ms)
				AfterProcessingInitializeOnLoad (18ms)
				EditorAssembliesLoaded (1ms)
			ExecutionOrderSort2 (0ms)
			AwakeInstancesAfterBackupRestoration (24ms)
Platform modules already initialized, skipping
========================================================================
Worker process is ready to serve import requests
Launched and connected shader compiler UnityShaderCompiler.exe after 0.54 seconds
Refreshing native plugins compatible for Editor in 4.42 ms, found 11 plugins.
Preloading 1 native plugins for Editor in 0.37 ms.
Unloading 4024 Unused Serialized files (Serialized files now loaded: 0)
Unloading 49 unused Assets / (399.2 KB). Loaded Objects now: 4495.
Memory consumption went from 167.4 MB to 167.0 MB.
Total: 18.155900 ms (FindLiveObjects: 1.481100 ms CreateObjectMapping: 0.542200 ms MarkObjects: 14.613000 ms  DeleteObjects: 1.513400 ms)

AssetImportParameters requested are different than current active one (requested -> active):
  custom:video-decoder-ogg-theora: a1e56fd34408186e4bbccfd4996cb3dc -> 
  custom:container-muxer-webm: aa71ff27fc2769a1b78a27578f13a17b -> 
  custom:container-demuxer-webm: 4f35f7cbe854078d1ac9338744f61a02 -> 
  custom:video-encoder-webm-vp8: eb34c28f22e8b96e1ab97ce403110664 -> 
  custom:audio-encoder-webm-vorbis: bf7c407c2cedff20999df2af8eb42d56 -> 
  custom:framework-win-MediaFoundation: 216162199b28c13a410421893ffa2e32 -> 
  custom:container-demuxer-ogg: 62fdf1f143b41e24485cea50d1cbac27 -> 
  custom:video-decoder-webm-vp8: 9c59270c3fd7afecdb556c50c9e8de78 -> 
  custom:audio-decoder-ogg-vorbis: bf7c407c2cedff20999df2af8eb42d56 -> 
========================================================================
Received Import Request.
  Time since last request: 584620.303835 seconds.
  path: Assets/DreamForestTree/Particle/_particle.prefab
  artifactKey: Guid(2003259857fd3f940bcd53bbb9131ca9) Importer(815301076,1909f56bfc062723c751e8b465ee728b)
Start importing Assets/DreamForestTree/Particle/_particle.prefab using Guid(2003259857fd3f940bcd53bbb9131ca9) Importer(815301076,1909f56bfc062723c751e8b465ee728b)  -> (artifact id: 'cb674a1bf22536aca8bc233260cf4b7e') in 1.026869 seconds 
========================================================================
Received Import Request.
  Time since last request: 3.325461 seconds.
  path: Assets/DreamForestTree/PostProcessing Profile/CamPost 0.asset
  artifactKey: Guid(33f236cd005a70a46b6f1c8f0c9de499) Importer(815301076,1909f56bfc062723c751e8b465ee728b)
Start importing Assets/DreamForestTree/PostProcessing Profile/CamPost 0.asset using Guid(33f236cd005a70a46b6f1c8f0c9de499) Importer(815301076,1909f56bfc062723c751e8b465ee728b)  -> (artifact id: '30ef443ba5cfd470cafe7aedbb7ba2fb') in 0.056889 seconds 
========================================================================
Received Import Request.
  Time since last request: 4.915193 seconds.
  path: Assets/DreamForestTree/Textures/Grass
  artifactKey: Guid(c439d7a4c13e18644a0d7072f9f5eed9) Importer(815301076,1909f56bfc062723c751e8b465ee728b)
Start importing Assets/DreamForestTree/Textures/Grass using Guid(c439d7a4c13e18644a0d7072f9f5eed9) Importer(815301076,1909f56bfc062723c751e8b465ee728b)  -> (artifact id: 'fb9fa49cfc462b6185306ce891d71cb3') in 0.019213 seconds 
========================================================================
Received Import Request.
  Time since last request: 7.752263 seconds.
  path: Assets/DreamForestTree/Textures/Grass/grass plant 1.png
  artifactKey: Guid(0705cfa7ef11ef4438997bbfd18fdbd1) Importer(815301076,1909f56bfc062723c751e8b465ee728b)
Start importing Assets/DreamForestTree/Textures/Grass/grass plant 1.png using Guid(0705cfa7ef11ef4438997bbfd18fdbd1) Importer(815301076,1909f56bfc062723c751e8b465ee728b)  -> (artifact id: '6fbcc5d85c55d22d114590fd3c0893a8') in 0.168696 seconds 
========================================================================
Received Import Request.
  Time since last request: 30.526351 seconds.
  path: Assets/DreamForestTree/Textures/Ground
  artifactKey: Guid(575b99a338f0a6f4cb0ecc199f195a19) Importer(815301076,1909f56bfc062723c751e8b465ee728b)
Start importing Assets/DreamForestTree/Textures/Ground using Guid(575b99a338f0a6f4cb0ecc199f195a19) Importer(815301076,1909f56bfc062723c751e8b465ee728b)  -> (artifact id: 'b78246a2053739e0a5832016d271f97c') in 0.025686 seconds 
========================================================================
Received Import Request.
  Time since last request: 8.990707 seconds.
  path: Assets/DreamForestTree/Textures/Water/water pool.psd
  artifactKey: Guid(e0d862c4fd71b3f479612a378d3a6d1f) Importer(815301076,1909f56bfc062723c751e8b465ee728b)
Start importing Assets/DreamForestTree/Textures/Water/water pool.psd using Guid(e0d862c4fd71b3f479612a378d3a6d1f) Importer(815301076,1909f56bfc062723c751e8b465ee728b)  -> (artifact id: '38233b5cecdfaf806a048de7f860babd') in 0.111852 seconds 
========================================================================
Received Import Request.
  Time since last request: 1.379249 seconds.
  path: Assets/DreamForestTree/Textures/Trees/Bark 1 N.psd
  artifactKey: Guid(a5884e30377ed0a45a18cca3365b29b4) Importer(815301076,1909f56bfc062723c751e8b465ee728b)
Start importing Assets/DreamForestTree/Textures/Trees/Bark 1 N.psd using Guid(a5884e30377ed0a45a18cca3365b29b4) Importer(815301076,1909f56bfc062723c751e8b465ee728b)  -> (artifact id: 'facc2c2043910b4462fb2a38aeb783d6') in 0.114711 seconds 
========================================================================
Received Import Request.
  Time since last request: 0.000052 seconds.
  path: Assets/DreamForestTree/Textures/Trees/leaf 1 Trans.psd
  artifactKey: Guid(22e112fe5cfb2fd4b9ee61071aba8f13) Importer(815301076,1909f56bfc062723c751e8b465ee728b)
Start importing Assets/DreamForestTree/Textures/Trees/leaf 1 Trans.psd using Guid(22e112fe5cfb2fd4b9ee61071aba8f13) Importer(815301076,1909f56bfc062723c751e8b465ee728b)  -> (artifact id: 'a45e8e28070ac99ccc49a58a037e168e') in 0.124383 seconds 
========================================================================
Received Import Request.
  Time since last request: 0.005884 seconds.
  path: Assets/DreamForestTree/Textures/Trees/bush 2 S.psd
  artifactKey: Guid(bd93a1579d87dc64ba43f463ee7bd608) Importer(815301076,1909f56bfc062723c751e8b465ee728b)
Start importing Assets/DreamForestTree/Textures/Trees/bush 2 S.psd using Guid(bd93a1579d87dc64ba43f463ee7bd608) Importer(815301076,1909f56bfc062723c751e8b465ee728b)  -> (artifact id: '25587ad3702f4c8618ee3cd455563050') in 0.116493 seconds 
========================================================================
Received Import Request.
  Time since last request: 27.723341 seconds.
  path: Assets/Parks And Nature Pack/Prefab
  artifactKey: Guid(9a8c067596c51fe4096008e3af628684) Importer(815301076,1909f56bfc062723c751e8b465ee728b)
Start importing Assets/Parks And Nature Pack/Prefab using Guid(9a8c067596c51fe4096008e3af628684) Importer(815301076,1909f56bfc062723c751e8b465ee728b)  -> (artifact id: 'f3d45a6bfec22df0e0bacb7abd0e9527') in 0.022006 seconds 
========================================================================
Received Import Request.
  Time since last request: 9.289890 seconds.
  path: Assets/DreamForestTree/TerrainData/DemoTerrain.asset
  artifactKey: Guid(d486a6d8040efc6458c17817e8b77dc1) Importer(815301076,1909f56bfc062723c751e8b465ee728b)
Start importing Assets/DreamForestTree/TerrainData/DemoTerrain.asset using Guid(d486a6d8040efc6458c17817e8b77dc1) Importer(815301076,1909f56bfc062723c751e8b465ee728b)  -> (artifact id: '8f43c00b8046f01dbaa5739dda8e8bed') in 0.893525 seconds 
========================================================================
Received Import Request.
  Time since last request: 0.456516 seconds.
  path: Assets/DreamForestTree/Shaft/gradient.psd
  artifactKey: Guid(06d9cb954198bce479449d2680a54279) Importer(815301076,1909f56bfc062723c751e8b465ee728b)
Start importing Assets/DreamForestTree/Shaft/gradient.psd using Guid(06d9cb954198bce479449d2680a54279) Importer(815301076,1909f56bfc062723c751e8b465ee728b)  -> (artifact id: '0857d9d6c5fb621b2f568248eb088693') in 0.063663 seconds 
========================================================================
Received Import Request.
  Time since last request: 17.481692 seconds.
  path: Assets/DreamForestTree/TreesModels/RedWood 2_Textures/diffuse.png
  artifactKey: Guid(d38d1a47ec1298549813aa83d382fda1) Importer(815301076,1909f56bfc062723c751e8b465ee728b)
Start importing Assets/DreamForestTree/TreesModels/RedWood 2_Textures/diffuse.png using Guid(d38d1a47ec1298549813aa83d382fda1) Importer(815301076,1909f56bfc062723c751e8b465ee728b)  -> (artifact id: '972bef4f15df40cb87047ba6833176f3') in 0.072852 seconds 
========================================================================
Received Import Request.
  Time since last request: 6.839370 seconds.
  path: Assets/ExampleAssets/Prefabs/XRControllerLeft.prefab
  artifactKey: Guid(5b158b94c373d4b4f9e98cdb92789343) Importer(815301076,1909f56bfc062723c751e8b465ee728b)
Start importing Assets/ExampleAssets/Prefabs/XRControllerLeft.prefab using Guid(5b158b94c373d4b4f9e98cdb92789343) Importer(815301076,1909f56bfc062723c751e8b465ee728b)  -> (artifact id: '7251f55f620f58ca0824d43f29a084ba') in 0.271811 seconds 
========================================================================
Received Import Request.
  Time since last request: 1.754237 seconds.
  path: Assets/ExampleAssets/Textures/Grid_Light_512x512.png
  artifactKey: Guid(a5888ab2610a91d40a5deefc40b7bfe4) Importer(815301076,1909f56bfc062723c751e8b465ee728b)
Start importing Assets/ExampleAssets/Textures/Grid_Light_512x512.png using Guid(a5888ab2610a91d40a5deefc40b7bfe4) Importer(815301076,1909f56bfc062723c751e8b465ee728b)  -> (artifact id: '4b7b0b863cf5465a6c2d87006c314d5e') in 0.039808 seconds 
========================================================================
Received Import Request.
  Time since last request: 1.093337 seconds.
  path: Assets/ExampleAssets/Tutorial/VRTutorialContainer.asset
  artifactKey: Guid(66a752886585f42d5b39f6f643d399f9) Importer(815301076,1909f56bfc062723c751e8b465ee728b)
Start importing Assets/ExampleAssets/Tutorial/VRTutorialContainer.asset using Guid(66a752886585f42d5b39f6f643d399f9) Importer(815301076,1909f56bfc062723c751e8b465ee728b)  -> (artifact id: 'e942eeb9f25a6a884c98c19cd064fbad') in 0.148374 seconds 
Editor requested this worker to shutdown with reason: Scaling down because of idle timeout
AssetImportWorker is now disconnected from the server
Process exiting
Exiting without the bug reporter. Application will terminate with return code 0