Using pre-set license
Built from '2021.3/staging' branch; Version is '2021.3.0f1 (6eacc8284459) revision 7253192'; Using compiler version '192829333'; Build Type 'Release'
OS: 'Windows 10  (10.0.19042) 64bit Core' Language: 'en' Physical Memory: 3787 MB
BatchMode: 1, IsHumanControllingUs: 0, StartBugReporterOnCrash: 0, Is64bit: 1, IsPro: 1

COMMAND LINE ARGUMENTS:
C:\Program Files\Unity\Hub\Editor\2021.3.0f1\Editor\Unity.exe
-adb2
-batchMode
-noUpm
-name
AssetImportWorker15
-projectPath
C:/Users/bensr/Documents/CS.PSY484_Group4_Project/UpdatedFinalProject2
-logFile
Logs/AssetImportWorker15.log
-srvPort
55494
Successfully changed project path to: C:/Users/bensr/Documents/CS.PSY484_Group4_Project/UpdatedFinalProject2
C:/Users/bensr/Documents/CS.PSY484_Group4_Project/UpdatedFinalProject2
[UnityMemory] Configuration Parameters - Can be set up in boot.config
    "memorysetup-bucket-allocator-granularity=16"
    "memorysetup-bucket-allocator-bucket-count=8"
    "memorysetup-bucket-allocator-block-size=33554432"
    "memorysetup-bucket-allocator-block-count=8"
    "memorysetup-main-allocator-block-size=16777216"
    "memorysetup-thread-allocator-block-size=16777216"
    "memorysetup-gfx-main-allocator-block-size=16777216"
    "memorysetup-gfx-thread-allocator-block-size=16777216"
    "memorysetup-cache-allocator-block-size=4194304"
    "memorysetup-typetree-allocator-block-size=2097152"
    "memorysetup-profiler-bucket-allocator-granularity=16"
    "memorysetup-profiler-bucket-allocator-bucket-count=8"
    "memorysetup-profiler-bucket-allocator-block-size=33554432"
    "memorysetup-profiler-bucket-allocator-block-count=8"
    "memorysetup-profiler-allocator-block-size=16777216"
    "memorysetup-profiler-editor-allocator-block-size=1048576"
    "memorysetup-temp-allocator-size-main=16777216"
    "memorysetup-job-temp-allocator-block-size=2097152"
    "memorysetup-job-temp-allocator-block-size-background=1048576"
    "memorysetup-job-temp-allocator-reduction-small-platforms=262144"
    "memorysetup-temp-allocator-size-background-worker=32768"
    "memorysetup-temp-allocator-size-job-worker=262144"
    "memorysetup-temp-allocator-size-preload-manager=33554432"
    "memorysetup-temp-allocator-size-nav-mesh-worker=65536"
    "memorysetup-temp-allocator-size-audio-worker=65536"
    "memorysetup-temp-allocator-size-cloud-worker=32768"
    "memorysetup-temp-allocator-size-gi-baking-worker=262144"
    "memorysetup-temp-allocator-size-gfx=262144"
Refreshing native plugins compatible for Editor in 323.49 ms, found 11 plugins.
Preloading 1 native plugins for Editor in 9.32 ms.
Initialize engine version: 2021.3.0f1 (6eacc8284459)
[Subsystems] Discovering subsystems at path C:/Program Files/Unity/Hub/Editor/2021.3.0f1/Editor/Data/Resources/UnitySubsystems
[Subsystems] Discovering subsystems at path C:/Users/bensr/Documents/CS.PSY484_Group4_Project/UpdatedFinalProject2/Assets
GfxDevice: creating device client; threaded=0; jobified=0
Direct3D:
    Version:  Direct3D 11.0 [level 11.1]
    Renderer: Intel(R) UHD Graphics (ID=0x9a78)
    Vendor:   Intel
    VRAM:     1893 MB
    Driver:   30.0.101.1404
Initialize mono
Mono path[0] = 'C:/Program Files/Unity/Hub/Editor/2021.3.0f1/Editor/Data/Managed'
Mono path[1] = 'C:/Program Files/Unity/Hub/Editor/2021.3.0f1/Editor/Data/MonoBleedingEdge/lib/mono/unityjit-win32'
Mono config path = 'C:/Program Files/Unity/Hub/Editor/2021.3.0f1/Editor/Data/MonoBleedingEdge/etc'
Using monoOptions --debugger-agent=transport=dt_socket,embedding=1,server=y,suspend=n,address=127.0.0.1:56380
Begin MonoManager ReloadAssembly
Registering precompiled unity dll's ...
Register platform support module: C:/Program Files/Unity/Hub/Editor/2021.3.0f1/Editor/Data/PlaybackEngines/AndroidPlayer/UnityEditor.Android.Extensions.dll
Register platform support module: C:/Program Files/Unity/Hub/Editor/2021.3.0f1/Editor/Data/PlaybackEngines/WindowsStandaloneSupport/UnityEditor.WindowsStandalone.Extensions.dll
Registered in 0.008152 seconds.
Native extension for WindowsStandalone target not found
Native extension for Android target not found
Refreshing native plugins compatible for Editor in 440.35 ms, found 11 plugins.
Preloading 1 native plugins for Editor in 0.22 ms.
Mono: successfully reloaded assembly
- Completed reload, in  3.542 seconds
Domain Reload Profiling:
	ReloadAssembly (3545ms)
		BeginReloadAssembly (115ms)
			ExecutionOrderSort (0ms)
			DisableScriptedObjects (0ms)
			BackupInstance (0ms)
			ReleaseScriptingObjects (0ms)
			CreateAndSetChildDomain (1ms)
		EndReloadAssembly (3232ms)
			LoadAssemblies (114ms)
			RebuildTransferFunctionScriptingTraits (1ms)
			SetupTypeCache (248ms)
			ReleaseScriptCaches (0ms)
			RebuildScriptCaches (78ms)
			SetupLoadedEditorAssemblies (2788ms)
				LogAssemblyErrors (0ms)
				InitializePlatformSupportModulesInManaged (497ms)
				SetLoadedEditorAssemblies (0ms)
				RefreshPlugins (441ms)
				BeforeProcessingInitializeOnLoad (2ms)
				ProcessInitializeOnLoadAttributes (1762ms)
				ProcessInitializeOnLoadMethodAttributes (84ms)
				AfterProcessingInitializeOnLoad (0ms)
				EditorAssembliesLoaded (2ms)
			ExecutionOrderSort2 (0ms)
			AwakeInstancesAfterBackupRestoration (0ms)
Platform modules already initialized, skipping
Registering precompiled user dll's ...
Registered in 0.025527 seconds.
Begin MonoManager ReloadAssembly
Symbol file LoadedFromMemory doesn't match image C:\Users\bensr\Documents\CS.PSY484_Group4_Project\UpdatedFinalProject2\Library\PackageCache\com.unity.visualscripting@1.7.6\Editor\VisualScripting.Core\Dependencies\DotNetZip\Unity.VisualScripting.IonicZip.dll
Symbol file LoadedFromMemory doesn't match image C:\Users\bensr\Documents\CS.PSY484_Group4_Project\UpdatedFinalProject2\Library\PackageCache\com.unity.visualscripting@1.7.6\Editor\VisualScripting.Core\Dependencies\YamlDotNet\Unity.VisualScripting.YamlDotNet.dll
Symbol file LoadedFromMemory is not a mono symbol file
Native extension for WindowsStandalone target not found
Native extension for Android target not found
Refreshing native plugins compatible for Editor in 101.14 ms, found 11 plugins.
Preloading 1 native plugins for Editor in 0.27 ms.
Package Manager log level set to [2]
System.Reflection.TargetInvocationException: Exception has been thrown by the target of an invocation. ---> System.NullReferenceException: Object reference not set to an instance of an object
  at Unity.XR.Oculus.OculusLoader.AssetPathToAbsolutePath (System.String assetPath) [0x0003d] in C:\Users\bensr\Documents\CS.PSY484_Group4_Project\UpdatedFinalProject2\Library\PackageCache\com.unity.xr.oculus@3.0.0\Runtime\OculusLoader.cs:257 
  at Unity.XR.Oculus.OculusLoader.EditorLoadOVRPlugin () [0x0007b] in C:\Users\bensr\Documents\CS.PSY484_Group4_Project\UpdatedFinalProject2\Library\PackageCache\com.unity.xr.oculus@3.0.0\Runtime\OculusLoader.cs:242 
  at (wrapper managed-to-native) System.Reflection.RuntimeMethodInfo.InternalInvoke(System.Reflection.RuntimeMethodInfo,object,object[],System.Exception&)
  at System.Reflection.RuntimeMethodInfo.Invoke (System.Object obj, System.Reflection.BindingFlags invokeAttr, System.Reflection.Binder binder, System.Object[] parameters, System.Globalization.CultureInfo culture) [0x0006a] in <6073cf49ed704e958b8a66d540dea948>:0 
   --- End of inner exception stack trace ---
  at System.Reflection.RuntimeMethodInfo.Invoke (System.Object obj, System.Reflection.BindingFlags invokeAttr, System.Reflection.Binder binder, System.Object[] parameters, System.Globalization.CultureInfo culture) [0x00083] in <6073cf49ed704e958b8a66d540dea948>:0 
  at System.Reflection.MethodBase.Invoke (System.Object obj, System.Object[] parameters) [0x00000] in <6073cf49ed704e958b8a66d540dea948>:0 
  at UnityEditor.EditorAssemblies.ProcessInitializeOnLoadMethodAttributes () [0x000a5] in <780782bc035845f9909cebbd4c983ae3>:0 
UnityEngine.StackTraceUtility:ExtractStackTrace ()
UnityEngine.DebugLogHandler:LogFormat (UnityEngine.LogType,UnityEngine.Object,string,object[])
UnityEngine.Logger:Log (UnityEngine.LogType,object)
UnityEngine.Debug:LogError (object)
UnityEditor.EditorAssemblies:ProcessInitializeOnLoadMethodAttributes ()

Mono: successfully reloaded assembly
- Completed reload, in  2.545 seconds
Domain Reload Profiling:
	ReloadAssembly (2549ms)
		BeginReloadAssembly (425ms)
			ExecutionOrderSort (0ms)
			DisableScriptedObjects (7ms)
			BackupInstance (0ms)
			ReleaseScriptingObjects (3ms)
			CreateAndSetChildDomain (179ms)
		EndReloadAssembly (1904ms)
			LoadAssemblies (285ms)
			RebuildTransferFunctionScriptingTraits (3ms)
			SetupTypeCache (383ms)
			ReleaseScriptCaches (4ms)
			RebuildScriptCaches (92ms)
			SetupLoadedEditorAssemblies (1112ms)
				LogAssemblyErrors (0ms)
				InitializePlatformSupportModulesInManaged (19ms)
				SetLoadedEditorAssemblies (0ms)
				RefreshPlugins (102ms)
				BeforeProcessingInitializeOnLoad (132ms)
				ProcessInitializeOnLoadAttributes (767ms)
				ProcessInitializeOnLoadMethodAttributes (81ms)
				AfterProcessingInitializeOnLoad (11ms)
				EditorAssembliesLoaded (0ms)
			ExecutionOrderSort2 (0ms)
			AwakeInstancesAfterBackupRestoration (7ms)
Platform modules already initialized, skipping
========================================================================
Worker process is ready to serve import requests
Launched and connected shader compiler UnityShaderCompiler.exe after 0.81 seconds
Refreshing native plugins compatible for Editor in 3.48 ms, found 11 plugins.
Preloading 1 native plugins for Editor in 0.36 ms.
Unloading 4027 Unused Serialized files (Serialized files now loaded: 0)
Unloading 47 unused Assets / (345.4 KB). Loaded Objects now: 4507.
Memory consumption went from 168.7 MB to 168.4 MB.
Total: 36.950300 ms (FindLiveObjects: 3.850100 ms CreateObjectMapping: 0.673600 ms MarkObjects: 30.546100 ms  DeleteObjects: 1.030700 ms)

AssetImportParameters requested are different than current active one (requested -> active):
  custom:video-decoder-ogg-theora: a1e56fd34408186e4bbccfd4996cb3dc -> 
  custom:container-muxer-webm: aa71ff27fc2769a1b78a27578f13a17b -> 
  custom:container-demuxer-webm: 4f35f7cbe854078d1ac9338744f61a02 -> 
  custom:video-encoder-webm-vp8: eb34c28f22e8b96e1ab97ce403110664 -> 
  custom:audio-encoder-webm-vorbis: bf7c407c2cedff20999df2af8eb42d56 -> 
  custom:framework-win-MediaFoundation: 216162199b28c13a410421893ffa2e32 -> 
  custom:container-demuxer-ogg: 62fdf1f143b41e24485cea50d1cbac27 -> 
  custom:video-decoder-webm-vp8: 9c59270c3fd7afecdb556c50c9e8de78 -> 
  custom:audio-decoder-ogg-vorbis: bf7c407c2cedff20999df2af8eb42d56 -> 
========================================================================
Received Import Request.
  Time since last request: 328404.754982 seconds.
  path: Assets/Medieval house/Textures & Materials/end.png
  artifactKey: Guid(5ab7b717a837d954bb4132994969c881) Importer(815301076,1909f56bfc062723c751e8b465ee728b)
Start importing Assets/Medieval house/Textures & Materials/end.png using Guid(5ab7b717a837d954bb4132994969c881) Importer(815301076,1909f56bfc062723c751e8b465ee728b)  -> (artifact id: '38dad78bfd36655a7d4c15927d6e1fee') in 10.549538 seconds 
========================================================================
Received Import Request.
  Time since last request: 0.001022 seconds.
  path: Assets/Medieval house/Textures & Materials/wall_NRM.png
  artifactKey: Guid(4532db2545a390d4dae9ebf7edf4ca49) Importer(815301076,1909f56bfc062723c751e8b465ee728b)
Start importing Assets/Medieval house/Textures & Materials/wall_NRM.png using Guid(4532db2545a390d4dae9ebf7edf4ca49) Importer(815301076,1909f56bfc062723c751e8b465ee728b)  -> (artifact id: '37cf03351c1b96de7d0b9972daf6a85c') in 1.105003 seconds 
========================================================================
Received Import Request.
  Time since last request: 0.000043 seconds.
  path: Assets/Medieval house/Textures & Materials/End.mat
  artifactKey: Guid(a1ed0cd8d519d53429b5029fe81a9f73) Importer(815301076,1909f56bfc062723c751e8b465ee728b)
Start importing Assets/Medieval house/Textures & Materials/End.mat using Guid(a1ed0cd8d519d53429b5029fe81a9f73) Importer(815301076,1909f56bfc062723c751e8b465ee728b)  -> (artifact id: '3f16d2d89cd9b4fd02b9f1fa306627ab') in 2.026884 seconds 
========================================================================
Received Import Request.
  Time since last request: 0.000077 seconds.
  path: Assets/Medieval house/Model/House.fbx
  artifactKey: Guid(53352d3589f6e18448a302d1f975ce50) Importer(815301076,1909f56bfc062723c751e8b465ee728b)
Start importing Assets/Medieval house/Model/House.fbx using Guid(53352d3589f6e18448a302d1f975ce50) Importer(815301076,1909f56bfc062723c751e8b465ee728b)  -> (artifact id: '901d0e4a5663c50681235e87a9c02deb') in 2.851784 seconds 
========================================================================
Received Import Request.
  Time since last request: 50.736711 seconds.
  path: Assets/Medieval house/Model/House.prefab
  artifactKey: Guid(32f9e7f1053b38c41b83321d0efbe230) Importer(815301076,1909f56bfc062723c751e8b465ee728b)
Start importing Assets/Medieval house/Model/House.prefab using Guid(32f9e7f1053b38c41b83321d0efbe230) Importer(815301076,1909f56bfc062723c751e8b465ee728b)  -> (artifact id: '110ccab78a61cea02f0bdc0af6cca14b') in 1.013229 seconds 
========================================================================
Received Import Request.
  Time since last request: 7.472659 seconds.
  path: Assets/Medieval_house_lite/Prefab/Medieval_house_lite.prefab
  artifactKey: Guid(d78188a04ae94fb418ca4acc157a8c3a) Importer(815301076,1909f56bfc062723c751e8b465ee728b)
Start importing Assets/Medieval_house_lite/Prefab/Medieval_house_lite.prefab using Guid(d78188a04ae94fb418ca4acc157a8c3a) Importer(815301076,1909f56bfc062723c751e8b465ee728b)  -> (artifact id: 'e588288cb5349874f69bb6039ee2b7ff') in 1.207769 seconds 
========================================================================
Received Import Request.
  Time since last request: 8.715854 seconds.
  path: Assets/Medieval_house_lite/Materials/FireSheet.mat
  artifactKey: Guid(a9047639596e60d49a5fc7c0918be41b) Importer(815301076,1909f56bfc062723c751e8b465ee728b)
Start importing Assets/Medieval_house_lite/Materials/FireSheet.mat using Guid(a9047639596e60d49a5fc7c0918be41b) Importer(815301076,1909f56bfc062723c751e8b465ee728b)  -> (artifact id: 'dde735b4f93e0c3ff7895f848c529c35') in 0.397250 seconds 
========================================================================
Received Import Request.
  Time since last request: 0.000042 seconds.
  path: Assets/Medieval_house_lite/Materials/Medieval_house_house.mat
  artifactKey: Guid(73a8b9fd464f3554b9e550587405bfec) Importer(815301076,1909f56bfc062723c751e8b465ee728b)
Start importing Assets/Medieval_house_lite/Materials/Medieval_house_house.mat using Guid(73a8b9fd464f3554b9e550587405bfec) Importer(815301076,1909f56bfc062723c751e8b465ee728b)  -> (artifact id: 'c43506ace60c8d3f9655ff62e9415215') in 0.385090 seconds 
========================================================================
Received Import Request.
  Time since last request: 0.000046 seconds.
  path: Assets/Medieval_house_lite/Materials/Smoke.mat
  artifactKey: Guid(dcd2df3816e7e7c4f9648f9f6cb6dc19) Importer(815301076,1909f56bfc062723c751e8b465ee728b)
Start importing Assets/Medieval_house_lite/Materials/Smoke.mat using Guid(dcd2df3816e7e7c4f9648f9f6cb6dc19) Importer(815301076,1909f56bfc062723c751e8b465ee728b)  -> (artifact id: '3e686169f1256d639e85e0a2cdeb3a2c') in 0.307494 seconds 
========================================================================
Received Import Request.
  Time since last request: 0.000060 seconds.
  path: Assets/Medieval_house_lite/Materials/Medieval_house_glass.mat
  artifactKey: Guid(7aefec5a762a23048a13129930d1ded6) Importer(815301076,1909f56bfc062723c751e8b465ee728b)
Start importing Assets/Medieval_house_lite/Materials/Medieval_house_glass.mat using Guid(7aefec5a762a23048a13129930d1ded6) Importer(815301076,1909f56bfc062723c751e8b465ee728b)  -> (artifact id: '9dd61d0572afae6ee96bbfdfd4b1b132') in 0.270722 seconds 
Editor requested this worker to shutdown with reason: Scaling down because of idle timeout
AssetImportWorker is now disconnected from the server
Process exiting
Exiting without the bug reporter. Application will terminate with return code 0