Using pre-set license
Built from '2021.3/staging' branch; Version is '2021.3.0f1 (6eacc8284459) revision 7253192'; Using compiler version '192829333'; Build Type 'Release'
OS: 'Windows 10  (10.0.19042) 64bit Core' Language: 'en' Physical Memory: 3787 MB
BatchMode: 1, IsHumanControllingUs: 0, StartBugReporterOnCrash: 0, Is64bit: 1, IsPro: 1

COMMAND LINE ARGUMENTS:
C:\Program Files\Unity\Hub\Editor\2021.3.0f1\Editor\Unity.exe
-adb2
-batchMode
-noUpm
-name
AssetImportWorker1
-projectPath
C:/Users/bensr/Documents/CS.PSY484_Group4_Project/UpdatedFinalProject2
-logFile
Logs/AssetImportWorker1.log
-srvPort
58663
Successfully changed project path to: C:/Users/bensr/Documents/CS.PSY484_Group4_Project/UpdatedFinalProject2
C:/Users/bensr/Documents/CS.PSY484_Group4_Project/UpdatedFinalProject2
[UnityMemory] Configuration Parameters - Can be set up in boot.config
    "memorysetup-bucket-allocator-granularity=16"
    "memorysetup-bucket-allocator-bucket-count=8"
    "memorysetup-bucket-allocator-block-size=33554432"
    "memorysetup-bucket-allocator-block-count=8"
    "memorysetup-main-allocator-block-size=16777216"
    "memorysetup-thread-allocator-block-size=16777216"
    "memorysetup-gfx-main-allocator-block-size=16777216"
    "memorysetup-gfx-thread-allocator-block-size=16777216"
    "memorysetup-cache-allocator-block-size=4194304"
    "memorysetup-typetree-allocator-block-size=2097152"
    "memorysetup-profiler-bucket-allocator-granularity=16"
    "memorysetup-profiler-bucket-allocator-bucket-count=8"
    "memorysetup-profiler-bucket-allocator-block-size=33554432"
    "memorysetup-profiler-bucket-allocator-block-count=8"
    "memorysetup-profiler-allocator-block-size=16777216"
    "memorysetup-profiler-editor-allocator-block-size=1048576"
    "memorysetup-temp-allocator-size-main=16777216"
    "memorysetup-job-temp-allocator-block-size=2097152"
    "memorysetup-job-temp-allocator-block-size-background=1048576"
    "memorysetup-job-temp-allocator-reduction-small-platforms=262144"
    "memorysetup-temp-allocator-size-background-worker=32768"
    "memorysetup-temp-allocator-size-job-worker=262144"
    "memorysetup-temp-allocator-size-preload-manager=33554432"
    "memorysetup-temp-allocator-size-nav-mesh-worker=65536"
    "memorysetup-temp-allocator-size-audio-worker=65536"
    "memorysetup-temp-allocator-size-cloud-worker=32768"
    "memorysetup-temp-allocator-size-gi-baking-worker=262144"
    "memorysetup-temp-allocator-size-gfx=262144"
Refreshing native plugins compatible for Editor in 383.08 ms, found 11 plugins.
Preloading 1 native plugins for Editor in 2.54 ms.
Initialize engine version: 2021.3.0f1 (6eacc8284459)
[Subsystems] Discovering subsystems at path C:/Program Files/Unity/Hub/Editor/2021.3.0f1/Editor/Data/Resources/UnitySubsystems
[Subsystems] Discovering subsystems at path C:/Users/bensr/Documents/CS.PSY484_Group4_Project/UpdatedFinalProject2/Assets
GfxDevice: creating device client; threaded=0; jobified=0
Direct3D:
    Version:  Direct3D 11.0 [level 11.1]
    Renderer: Intel(R) UHD Graphics (ID=0x9a78)
    Vendor:   Intel
    VRAM:     1893 MB
    Driver:   30.0.101.1404
Initialize mono
Mono path[0] = 'C:/Program Files/Unity/Hub/Editor/2021.3.0f1/Editor/Data/Managed'
Mono path[1] = 'C:/Program Files/Unity/Hub/Editor/2021.3.0f1/Editor/Data/MonoBleedingEdge/lib/mono/unityjit-win32'
Mono config path = 'C:/Program Files/Unity/Hub/Editor/2021.3.0f1/Editor/Data/MonoBleedingEdge/etc'
Using monoOptions --debugger-agent=transport=dt_socket,embedding=1,server=y,suspend=n,address=127.0.0.1:56600
Begin MonoManager ReloadAssembly
Registering precompiled unity dll's ...
Register platform support module: C:/Program Files/Unity/Hub/Editor/2021.3.0f1/Editor/Data/PlaybackEngines/AndroidPlayer/UnityEditor.Android.Extensions.dll
Register platform support module: C:/Program Files/Unity/Hub/Editor/2021.3.0f1/Editor/Data/PlaybackEngines/WindowsStandaloneSupport/UnityEditor.WindowsStandalone.Extensions.dll
Registered in 0.021199 seconds.
Native extension for WindowsStandalone target not found
Native extension for Android target not found
Refreshing native plugins compatible for Editor in 322.00 ms, found 11 plugins.
Preloading 1 native plugins for Editor in 0.63 ms.
Mono: successfully reloaded assembly
- Completed reload, in  2.138 seconds
Domain Reload Profiling:
	ReloadAssembly (2140ms)
		BeginReloadAssembly (272ms)
			ExecutionOrderSort (0ms)
			DisableScriptedObjects (0ms)
			BackupInstance (0ms)
			ReleaseScriptingObjects (0ms)
			CreateAndSetChildDomain (4ms)
		EndReloadAssembly (1513ms)
			LoadAssemblies (262ms)
			RebuildTransferFunctionScriptingTraits (2ms)
			SetupTypeCache (273ms)
			ReleaseScriptCaches (0ms)
			RebuildScriptCaches (58ms)
			SetupLoadedEditorAssemblies (1050ms)
				LogAssemblyErrors (0ms)
				InitializePlatformSupportModulesInManaged (147ms)
				SetLoadedEditorAssemblies (1ms)
				RefreshPlugins (323ms)
				BeforeProcessingInitializeOnLoad (117ms)
				ProcessInitializeOnLoadAttributes (315ms)
				ProcessInitializeOnLoadMethodAttributes (147ms)
				AfterProcessingInitializeOnLoad (0ms)
				EditorAssembliesLoaded (1ms)
			ExecutionOrderSort2 (0ms)
			AwakeInstancesAfterBackupRestoration (0ms)
Platform modules already initialized, skipping
Registering precompiled user dll's ...
Registered in 0.029760 seconds.
Begin MonoManager ReloadAssembly
Symbol file LoadedFromMemory doesn't match image C:\Users\bensr\Documents\CS.PSY484_Group4_Project\UpdatedFinalProject2\Library\PackageCache\com.unity.visualscripting@1.7.6\Editor\VisualScripting.Core\Dependencies\DotNetZip\Unity.VisualScripting.IonicZip.dll
Symbol file LoadedFromMemory doesn't match image C:\Users\bensr\Documents\CS.PSY484_Group4_Project\UpdatedFinalProject2\Library\PackageCache\com.unity.visualscripting@1.7.6\Editor\VisualScripting.Core\Dependencies\YamlDotNet\Unity.VisualScripting.YamlDotNet.dll
Symbol file LoadedFromMemory is not a mono symbol file
Native extension for WindowsStandalone target not found
Native extension for Android target not found
Refreshing native plugins compatible for Editor in 327.20 ms, found 11 plugins.
Preloading 1 native plugins for Editor in 0.28 ms.
Package Manager log level set to [2]
System.Reflection.TargetInvocationException: Exception has been thrown by the target of an invocation. ---> System.NullReferenceException: Object reference not set to an instance of an object
  at Unity.XR.Oculus.OculusLoader.AssetPathToAbsolutePath (System.String assetPath) [0x0003d] in C:\Users\bensr\Documents\CS.PSY484_Group4_Project\UpdatedFinalProject2\Library\PackageCache\com.unity.xr.oculus@3.0.0\Runtime\OculusLoader.cs:257 
  at Unity.XR.Oculus.OculusLoader.EditorLoadOVRPlugin () [0x0007b] in C:\Users\bensr\Documents\CS.PSY484_Group4_Project\UpdatedFinalProject2\Library\PackageCache\com.unity.xr.oculus@3.0.0\Runtime\OculusLoader.cs:242 
  at (wrapper managed-to-native) System.Reflection.RuntimeMethodInfo.InternalInvoke(System.Reflection.RuntimeMethodInfo,object,object[],System.Exception&)
  at System.Reflection.RuntimeMethodInfo.Invoke (System.Object obj, System.Reflection.BindingFlags invokeAttr, System.Reflection.Binder binder, System.Object[] parameters, System.Globalization.CultureInfo culture) [0x0006a] in <6073cf49ed704e958b8a66d540dea948>:0 
   --- End of inner exception stack trace ---
  at System.Reflection.RuntimeMethodInfo.Invoke (System.Object obj, System.Reflection.BindingFlags invokeAttr, System.Reflection.Binder binder, System.Object[] parameters, System.Globalization.CultureInfo culture) [0x00083] in <6073cf49ed704e958b8a66d540dea948>:0 
  at System.Reflection.MethodBase.Invoke (System.Object obj, System.Object[] parameters) [0x00000] in <6073cf49ed704e958b8a66d540dea948>:0 
  at UnityEditor.EditorAssemblies.ProcessInitializeOnLoadMethodAttributes () [0x000a5] in <780782bc035845f9909cebbd4c983ae3>:0 
UnityEngine.StackTraceUtility:ExtractStackTrace ()
UnityEngine.DebugLogHandler:LogFormat (UnityEngine.LogType,UnityEngine.Object,string,object[])
UnityEngine.Logger:Log (UnityEngine.LogType,object)
UnityEngine.Debug:LogError (object)
UnityEditor.EditorAssemblies:ProcessInitializeOnLoadMethodAttributes ()

Mono: successfully reloaded assembly
- Completed reload, in  5.593 seconds
Domain Reload Profiling:
	ReloadAssembly (5594ms)
		BeginReloadAssembly (452ms)
			ExecutionOrderSort (0ms)
			DisableScriptedObjects (28ms)
			BackupInstance (0ms)
			ReleaseScriptingObjects (1ms)
			CreateAndSetChildDomain (148ms)
		EndReloadAssembly (4654ms)
			LoadAssemblies (415ms)
			RebuildTransferFunctionScriptingTraits (0ms)
			SetupTypeCache (1705ms)
			ReleaseScriptCaches (4ms)
			RebuildScriptCaches (198ms)
			SetupLoadedEditorAssemblies (2053ms)
				LogAssemblyErrors (0ms)
				InitializePlatformSupportModulesInManaged (111ms)
				SetLoadedEditorAssemblies (0ms)
				RefreshPlugins (328ms)
				BeforeProcessingInitializeOnLoad (354ms)
				ProcessInitializeOnLoadAttributes (1144ms)
				ProcessInitializeOnLoadMethodAttributes (100ms)
				AfterProcessingInitializeOnLoad (15ms)
				EditorAssembliesLoaded (0ms)
			ExecutionOrderSort2 (0ms)
			AwakeInstancesAfterBackupRestoration (9ms)
Platform modules already initialized, skipping
========================================================================
Worker process is ready to serve import requests
Launched and connected shader compiler UnityShaderCompiler.exe after 0.51 seconds
Refreshing native plugins compatible for Editor in 3.87 ms, found 11 plugins.
Preloading 1 native plugins for Editor in 0.41 ms.
Unloading 4024 Unused Serialized files (Serialized files now loaded: 0)
Unloading 47 unused Assets / (345.8 KB). Loaded Objects now: 4502.
Memory consumption went from 167.8 MB to 167.5 MB.
Total: 19.829700 ms (FindLiveObjects: 1.184800 ms CreateObjectMapping: 0.892000 ms MarkObjects: 15.486900 ms  DeleteObjects: 2.256100 ms)

AssetImportParameters requested are different than current active one (requested -> active):
  custom:video-decoder-ogg-theora: a1e56fd34408186e4bbccfd4996cb3dc -> 
  custom:container-muxer-webm: aa71ff27fc2769a1b78a27578f13a17b -> 
  custom:container-demuxer-webm: 4f35f7cbe854078d1ac9338744f61a02 -> 
  custom:video-encoder-webm-vp8: eb34c28f22e8b96e1ab97ce403110664 -> 
  custom:audio-encoder-webm-vorbis: bf7c407c2cedff20999df2af8eb42d56 -> 
  custom:framework-win-MediaFoundation: 216162199b28c13a410421893ffa2e32 -> 
  custom:container-demuxer-ogg: 62fdf1f143b41e24485cea50d1cbac27 -> 
  custom:video-decoder-webm-vp8: 9c59270c3fd7afecdb556c50c9e8de78 -> 
  custom:audio-decoder-ogg-vorbis: bf7c407c2cedff20999df2af8eb42d56 -> 
========================================================================
Received Import Request.
  Time since last request: 303207.047503 seconds.
  path: Assets/GrassFlowers/Post-Processing For GrassFlowers.asset
  artifactKey: Guid(150fbd13cfcddb34ebc82b228a769165) Importer(815301076,1909f56bfc062723c751e8b465ee728b)
Start importing Assets/GrassFlowers/Post-Processing For GrassFlowers.asset using Guid(150fbd13cfcddb34ebc82b228a769165) Importer(815301076,1909f56bfc062723c751e8b465ee728b)  -> (artifact id: '47c964b2f79ca6216133463116856ada') in 1.404016 seconds 
========================================================================
Received Import Request.
  Time since last request: 494.503645 seconds.
  path: Assets/Parks And Nature Pack/Prefab/ChairA.prefab
  artifactKey: Guid(24a898469d9c2394bb863db56a74b3d6) Importer(815301076,1909f56bfc062723c751e8b465ee728b)
Start importing Assets/Parks And Nature Pack/Prefab/ChairA.prefab using Guid(24a898469d9c2394bb863db56a74b3d6) Importer(815301076,1909f56bfc062723c751e8b465ee728b)  -> (artifact id: 'd0541145afd93da8901809da336d6239') in 0.653326 seconds 
========================================================================
Received Import Request.
  Time since last request: 51.136436 seconds.
  path: Assets/Playground Low Poly/Prefabs/SM_Archway_01.prefab
  artifactKey: Guid(92b9500dcd2ea724780127ee172ee9a7) Importer(815301076,1909f56bfc062723c751e8b465ee728b)
Start importing Assets/Playground Low Poly/Prefabs/SM_Archway_01.prefab using Guid(92b9500dcd2ea724780127ee172ee9a7) Importer(815301076,1909f56bfc062723c751e8b465ee728b)  -> (artifact id: '14d198dca99edebbc98062cb6da232cb') in 0.304740 seconds 
========================================================================
Received Import Request.
  Time since last request: 0.000040 seconds.
  path: Assets/Playground Low Poly/Prefabs/SM_Chair_01.prefab
  artifactKey: Guid(500925a97305aff4a8bc1171f7643ff4) Importer(815301076,1909f56bfc062723c751e8b465ee728b)
Start importing Assets/Playground Low Poly/Prefabs/SM_Chair_01.prefab using Guid(500925a97305aff4a8bc1171f7643ff4) Importer(815301076,1909f56bfc062723c751e8b465ee728b)  -> (artifact id: 'e7a7dbe56156b4216dc6708c1e8f7a9d') in 0.112263 seconds 
========================================================================
Received Import Request.
  Time since last request: 0.000400 seconds.
  path: Assets/Playground Low Poly/Prefabs/SM_Flowers_02.prefab
  artifactKey: Guid(49d0e1a0411092349ab46bb76dd7e5b5) Importer(815301076,1909f56bfc062723c751e8b465ee728b)
Start importing Assets/Playground Low Poly/Prefabs/SM_Flowers_02.prefab using Guid(49d0e1a0411092349ab46bb76dd7e5b5) Importer(815301076,1909f56bfc062723c751e8b465ee728b)  -> (artifact id: '37d60f41ab0bdf13ee8ccc4123d5f137') in 0.168826 seconds 
========================================================================
Received Import Request.
  Time since last request: 0.000036 seconds.
  path: Assets/Playground Low Poly/Prefabs/SM_Flowers_01.prefab
  artifactKey: Guid(ad08133495a7adb49b6ccc63132fd923) Importer(815301076,1909f56bfc062723c751e8b465ee728b)
Start importing Assets/Playground Low Poly/Prefabs/SM_Flowers_01.prefab using Guid(ad08133495a7adb49b6ccc63132fd923) Importer(815301076,1909f56bfc062723c751e8b465ee728b)  -> (artifact id: 'd360f17a7f718fef5e226ddcc86aaed4') in 0.283471 seconds 
========================================================================
Received Import Request.
  Time since last request: 0.000041 seconds.
  path: Assets/Playground Low Poly/Prefabs/SM_Bench_02.prefab
  artifactKey: Guid(f69fa572bedaac24b813b2dd34fce7b0) Importer(815301076,1909f56bfc062723c751e8b465ee728b)
Start importing Assets/Playground Low Poly/Prefabs/SM_Bench_02.prefab using Guid(f69fa572bedaac24b813b2dd34fce7b0) Importer(815301076,1909f56bfc062723c751e8b465ee728b)  -> (artifact id: '694f6d6610d8ab12fcfe79f97445e839') in 0.135356 seconds 
========================================================================
Received Import Request.
  Time since last request: 0.000043 seconds.
  path: Assets/Playground Low Poly/Prefabs/SM_Game_Stairs_01.prefab
  artifactKey: Guid(3b50afe5616a95e4d8fcb29f08b823fa) Importer(815301076,1909f56bfc062723c751e8b465ee728b)
Start importing Assets/Playground Low Poly/Prefabs/SM_Game_Stairs_01.prefab using Guid(3b50afe5616a95e4d8fcb29f08b823fa) Importer(815301076,1909f56bfc062723c751e8b465ee728b)  -> (artifact id: 'e96b4dba480872860ba54f31567b626c') in 0.092882 seconds 
========================================================================
Received Import Request.
  Time since last request: 0.000083 seconds.
  path: Assets/Playground Low Poly/Prefabs/SM_Playground_03.prefab
  artifactKey: Guid(2a1e00f6fd8038f4eb484539be2d71d2) Importer(815301076,1909f56bfc062723c751e8b465ee728b)
Start importing Assets/Playground Low Poly/Prefabs/SM_Playground_03.prefab using Guid(2a1e00f6fd8038f4eb484539be2d71d2) Importer(815301076,1909f56bfc062723c751e8b465ee728b)  -> (artifact id: 'e4fee93ae052666cd224cf60a58d9607') in 0.081164 seconds 
========================================================================
Received Import Request.
  Time since last request: 0.000037 seconds.
  path: Assets/Playground Low Poly/Prefabs/SM_Border_40.prefab
  artifactKey: Guid(f57df6306c27153428ccdaf4afc9067d) Importer(815301076,1909f56bfc062723c751e8b465ee728b)
Start importing Assets/Playground Low Poly/Prefabs/SM_Border_40.prefab using Guid(f57df6306c27153428ccdaf4afc9067d) Importer(815301076,1909f56bfc062723c751e8b465ee728b)  -> (artifact id: '350f04769e22388e9c62f5bf3cc53060') in 0.078792 seconds 
========================================================================
Received Import Request.
  Time since last request: 0.000042 seconds.
  path: Assets/Playground Low Poly/Prefabs/SM_Box_Ground_01.prefab
  artifactKey: Guid(a6127c022565ea946804415a1af07b12) Importer(815301076,1909f56bfc062723c751e8b465ee728b)
Start importing Assets/Playground Low Poly/Prefabs/SM_Box_Ground_01.prefab using Guid(a6127c022565ea946804415a1af07b12) Importer(815301076,1909f56bfc062723c751e8b465ee728b)  -> (artifact id: '3702608376d154b222878b9c3d70016a') in 0.076184 seconds 
========================================================================
Received Import Request.
  Time since last request: 0.000037 seconds.
  path: Assets/Playground Low Poly/Prefabs/SM_Playground_01.prefab
  artifactKey: Guid(372d31140fa703a4dbfe7f1f34bd4a98) Importer(815301076,1909f56bfc062723c751e8b465ee728b)
Start importing Assets/Playground Low Poly/Prefabs/SM_Playground_01.prefab using Guid(372d31140fa703a4dbfe7f1f34bd4a98) Importer(815301076,1909f56bfc062723c751e8b465ee728b)  -> (artifact id: '98e23866937a00508bf09a3a10ee7173') in 0.095394 seconds 
========================================================================
Received Import Request.
  Time since last request: 0.000835 seconds.
  path: Assets/Playground Low Poly/Prefabs/SM_Grass_02.prefab
  artifactKey: Guid(e2947d46bde79124c82b000f57bf9ca1) Importer(815301076,1909f56bfc062723c751e8b465ee728b)
Start importing Assets/Playground Low Poly/Prefabs/SM_Grass_02.prefab using Guid(e2947d46bde79124c82b000f57bf9ca1) Importer(815301076,1909f56bfc062723c751e8b465ee728b)  -> (artifact id: '013bd9935cf4ed8acb871eb0c2d41e17') in 0.139558 seconds 
========================================================================
Received Import Request.
  Time since last request: 0.000037 seconds.
  path: Assets/Playground Low Poly/Prefabs/SM_Border_01.prefab
  artifactKey: Guid(e1b71672fd2c5ab41bb58d8c8bbb8469) Importer(815301076,1909f56bfc062723c751e8b465ee728b)
Start importing Assets/Playground Low Poly/Prefabs/SM_Border_01.prefab using Guid(e1b71672fd2c5ab41bb58d8c8bbb8469) Importer(815301076,1909f56bfc062723c751e8b465ee728b)  -> (artifact id: '328e5aad1f580e0b590f180a631c3666') in 0.080994 seconds 
========================================================================
Received Import Request.
  Time since last request: 0.000038 seconds.
  path: Assets/Playground Low Poly/Prefabs/SM_Game_Piramid_01.prefab
  artifactKey: Guid(a44cccc20f3187546becc81725456fb2) Importer(815301076,1909f56bfc062723c751e8b465ee728b)
Start importing Assets/Playground Low Poly/Prefabs/SM_Game_Piramid_01.prefab using Guid(a44cccc20f3187546becc81725456fb2) Importer(815301076,1909f56bfc062723c751e8b465ee728b)  -> (artifact id: '8c9d7c5b703de4d8978ccb6674db6503') in 0.066740 seconds 
Editor requested this worker to shutdown with reason: Scaling down because of idle timeout
AssetImportWorker is now disconnected from the server
Process exiting
Exiting without the bug reporter. Application will terminate with return code 0